TN:
SF:src/CDN.js
FN:7,(anonymous_0)
FN:32,(anonymous_1)
FN:37,(anonymous_2)
FN:43,(anonymous_3)
FN:49,(anonymous_4)
FN:55,(anonymous_5)
FN:61,(anonymous_6)
FN:66,(anonymous_7)
FN:78,(anonymous_8)
FNF:9
FNH:6
FNDA:2,(anonymous_0)
FNDA:0,(anonymous_1)
FNDA:2,(anonymous_2)
FNDA:0,(anonymous_3)
FNDA:2,(anonymous_4)
FNDA:0,(anonymous_5)
FNDA:1,(anonymous_6)
FNDA:119,(anonymous_7)
FNDA:7,(anonymous_8)
DA:6,1
DA:8,2
DA:9,2
DA:10,2
DA:29,2
DA:33,0
DA:38,2
DA:39,2
DA:44,0
DA:45,0
DA:50,2
DA:51,2
DA:56,0
DA:57,0
DA:62,1
DA:63,1
DA:67,119
DA:68,119
DA:69,119
DA:72,119
DA:73,93
DA:75,119
DA:79,7
DA:80,119
DA:81,4
DA:82,4
DA:85,0
DA:86,0
DA:90,115
DA:96,1
LF:30
LH:23
BRDA:7,0,0,2
BRDA:8,1,0,2
BRDA:8,1,1,1
BRDA:68,2,0,119
BRDA:72,3,0,93
BRDA:72,4,0,119
BRDA:72,4,1,119
BRDA:72,4,2,105
BRDA:80,5,0,4
BRDA:80,5,1,115
BRDA:81,6,0,4
BRDA:81,6,1,0
BRDA:86,7,0,0
BRDA:86,7,1,0
BRDA:86,8,0,0
BRDA:86,8,1,0
BRF:16
BRH:11
end_of_record
TN:
SF:src/Element.js
FN:13,(anonymous_7)
FN:77,(anonymous_8)
FN:99,(anonymous_9)
FN:108,(anonymous_10)
FN:121,(anonymous_11)
FN:134,(anonymous_12)
FN:141,(anonymous_13)
FN:161,(anonymous_14)
FN:172,(anonymous_15)
FN:179,(anonymous_16)
FN:197,(anonymous_17)
FN:221,(anonymous_18)
FN:227,(anonymous_19)
FN:245,(anonymous_20)
FN:246,(anonymous_21)
FN:254,(anonymous_22)
FN:256,(anonymous_23)
FN:257,(anonymous_24)
FN:266,(anonymous_25)
FN:275,(anonymous_26)
FN:289,(anonymous_27)
FN:300,(anonymous_28)
FN:325,(anonymous_29)
FN:345,(anonymous_30)
FN:366,(anonymous_31)
FN:368,(anonymous_32)
FN:385,(anonymous_33)
FN:386,(anonymous_34)
FN:393,(anonymous_35)
FN:403,(anonymous_36)
FN:441,(anonymous_37)
FN:450,(anonymous_38)
FN:459,(anonymous_39)
FN:463,(anonymous_40)
FN:485,(anonymous_41)
FN:500,(anonymous_42)
FN:519,(anonymous_43)
FN:537,(anonymous_44)
FN:550,(anonymous_45)
FN:578,(anonymous_46)
FN:581,(anonymous_47)
FN:586,(anonymous_48)
FN:601,(anonymous_49)
FN:609,(anonymous_50)
FNF:44
FNH:37
FNDA:22502,(anonymous_7)
FNDA:45088,(anonymous_8)
FNDA:0,(anonymous_9)
FNDA:0,(anonymous_10)
FNDA:0,(anonymous_11)
FNDA:17524,(anonymous_12)
FNDA:29358,(anonymous_13)
FNDA:29154,(anonymous_14)
FNDA:0,(anonymous_15)
FNDA:0,(anonymous_16)
FNDA:45849,(anonymous_17)
FNDA:1271,(anonymous_18)
FNDA:4909,(anonymous_19)
FNDA:57356,(anonymous_20)
FNDA:35520,(anonymous_21)
FNDA:16832,(anonymous_22)
FNDA:44777,(anonymous_23)
FNDA:183525,(anonymous_24)
FNDA:3344,(anonymous_25)
FNDA:16832,(anonymous_26)
FNDA:115,(anonymous_27)
FNDA:207,(anonymous_28)
FNDA:302,(anonymous_29)
FNDA:415,(anonymous_30)
FNDA:415,(anonymous_31)
FNDA:0,(anonymous_32)
FNDA:141,(anonymous_33)
FNDA:1131,(anonymous_34)
FNDA:5849,(anonymous_35)
FNDA:3767,(anonymous_36)
FNDA:48693,(anonymous_37)
FNDA:21,(anonymous_38)
FNDA:335,(anonymous_39)
FNDA:353,(anonymous_40)
FNDA:0,(anonymous_41)
FNDA:2452,(anonymous_42)
FNDA:214537,(anonymous_43)
FNDA:30330,(anonymous_44)
FNDA:212983,(anonymous_45)
FNDA:208390,(anonymous_46)
FNDA:585,(anonymous_47)
FNDA:19255,(anonymous_48)
FNDA:4459,(anonymous_49)
FNDA:178373,(anonymous_50)
DA:1,1
DA:2,1
DA:3,1
DA:4,1
DA:5,1
DA:6,1
DA:7,1
DA:12,1
DA:18,22502
DA:32,22502
DA:37,22502
DA:40,22502
DA:41,22502
DA:42,22502
DA:44,22502
DA:50,22502
DA:52,22502
DA:57,22502
DA:78,45088
DA:79,0
DA:81,45088
DA:84,45088
DA:85,45088
DA:86,45088
DA:89,45088
DA:100,0
DA:109,0
DA:110,0
DA:113,0
DA:122,0
DA:123,0
DA:126,0
DA:135,17524
DA:136,218
DA:139,17306
DA:141,17306
DA:143,29358
DA:144,13584
DA:148,15774
DA:149,0
DA:152,15774
DA:162,29154
DA:163,29054
DA:173,0
DA:174,0
DA:177,0
DA:179,0
DA:180,0
DA:181,0
DA:184,0
DA:198,45849
DA:199,323
DA:201,45526
DA:202,45299
DA:204,45526
DA:205,45428
DA:207,98
DA:208,0
DA:211,45526
DA:222,1271
DA:223,1271
DA:224,5
DA:227,1266
DA:228,4909
DA:234,511
DA:235,511
DA:238,1266
DA:239,293
DA:242,1266
DA:246,57356
DA:247,35520
DA:248,35465
DA:251,57356
DA:255,16832
DA:256,16819
DA:257,44777
DA:258,183525
DA:259,14679
DA:267,3344
DA:268,3344
DA:276,16832
DA:277,16832
DA:278,16832
DA:279,1672
DA:290,115
DA:291,115
DA:301,207
DA:302,161
DA:303,161
DA:304,161
DA:307,0
DA:308,0
DA:312,0
DA:316,207
DA:326,302
DA:327,230
DA:328,230
DA:331,0
DA:335,302
DA:348,415
DA:351,415
DA:352,335
DA:356,415
DA:357,415
DA:367,415
DA:368,0
DA:370,415
DA:371,0
DA:373,415
DA:374,21
DA:377,415
DA:386,1131
DA:394,5849
DA:404,3767
DA:405,325
DA:406,325
DA:408,325
DA:410,325
DA:411,0
DA:414,325
DA:424,0
DA:426,325
DA:427,3
DA:429,325
DA:430,141
DA:442,48693
DA:451,21
DA:460,335
DA:461,0
DA:463,335
DA:464,353
DA:465,353
DA:467,21
DA:471,332
DA:486,0
DA:487,0
DA:490,0
DA:491,0
DA:501,2452
DA:502,0
DA:505,2452
DA:506,2452
DA:507,2318
DA:510,2452
DA:520,214537
DA:521,62
DA:524,214475
DA:525,214475
DA:526,213246
DA:527,213246
DA:530,214475
DA:538,30330
DA:539,23332
DA:540,11974
DA:551,212983
DA:579,208390
DA:581,830
DA:584,208390
DA:585,1669
DA:586,19255
DA:587,1669
DA:589,206721
DA:602,4459
DA:610,178373
DA:611,178373
DA:616,1240
DA:620,177133
DA:621,177133
DA:622,170
DA:625,176963
LF:170
LH:139
BRDA:25,0,0,22502
BRDA:25,0,1,0
BRDA:40,1,0,22502
BRDA:40,1,1,11828
BRDA:41,2,0,22502
BRDA:41,3,0,0
BRDA:41,3,1,22502
BRDA:41,4,0,22502
BRDA:41,4,1,22502
BRDA:44,5,0,22502
BRDA:44,5,1,11839
BRDA:50,6,0,11993
BRDA:50,6,1,10509
BRDA:50,7,0,22502
BRDA:50,7,1,22502
BRDA:57,8,0,0
BRDA:57,8,1,22502
BRDA:57,9,0,22502
BRDA:57,9,1,22502
BRDA:77,10,0,45088
BRDA:78,11,0,0
BRDA:89,12,0,0
BRDA:89,12,1,45088
BRDA:109,13,0,0
BRDA:122,14,0,0
BRDA:135,15,0,218
BRDA:143,16,0,13584
BRDA:143,17,0,29358
BRDA:143,17,1,29358
BRDA:148,18,0,0
BRDA:148,19,0,15774
BRDA:148,19,1,0
BRDA:162,20,0,29054
BRDA:173,21,0,0
BRDA:180,22,0,0
BRDA:184,23,0,0
BRDA:184,23,1,0
BRDA:198,24,0,323
BRDA:201,25,0,45299
BRDA:204,26,0,45428
BRDA:204,26,1,98
BRDA:207,27,0,0
BRDA:221,28,0,352
BRDA:223,29,0,5
BRDA:228,30,0,511
BRDA:229,31,0,4909
BRDA:229,31,1,4909
BRDA:229,31,2,4909
BRDA:229,31,3,1997
BRDA:229,31,4,1677
BRDA:238,32,0,293
BRDA:247,33,0,35465
BRDA:247,34,0,35520
BRDA:247,34,1,35520
BRDA:247,34,2,35520
BRDA:247,34,3,35520
BRDA:255,35,0,16819
BRDA:258,36,0,14679
BRDA:258,37,0,183525
BRDA:258,37,1,148643
BRDA:258,37,2,16197
BRDA:258,37,3,16197
BRDA:275,38,0,6973
BRDA:278,39,0,1672
BRDA:290,40,0,0
BRDA:290,40,1,115
BRDA:290,41,0,115
BRDA:290,41,1,115
BRDA:301,42,0,161
BRDA:302,43,0,161
BRDA:302,43,1,0
BRDA:326,44,0,230
BRDA:326,45,0,302
BRDA:326,45,1,257
BRDA:345,46,0,394
BRDA:351,47,0,335
BRDA:367,48,0,0
BRDA:367,48,1,415
BRDA:370,49,0,0
BRDA:370,49,1,415
BRDA:370,50,0,415
BRDA:370,50,1,415
BRDA:373,51,0,21
BRDA:386,52,0,845
BRDA:386,52,1,286
BRDA:394,53,0,5849
BRDA:394,53,1,5837
BRDA:394,54,0,0
BRDA:394,54,1,5849
BRDA:394,55,0,5849
BRDA:394,55,1,5849
BRDA:404,56,0,325
BRDA:404,57,0,3767
BRDA:404,57,1,3767
BRDA:410,58,0,0
BRDA:418,59,0,142
BRDA:418,59,1,183
BRDA:426,60,0,3
BRDA:429,61,0,141
BRDA:442,62,0,48676
BRDA:442,62,1,17
BRDA:460,63,0,0
BRDA:464,64,0,353
BRDA:465,65,0,21
BRDA:465,65,1,332
BRDA:486,66,0,0
BRDA:501,67,0,0
BRDA:501,68,0,2452
BRDA:501,68,1,2452
BRDA:506,69,0,2318
BRDA:506,70,0,85
BRDA:506,70,1,2367
BRDA:506,71,0,2452
BRDA:506,71,1,2367
BRDA:520,72,0,62
BRDA:520,73,0,214537
BRDA:520,73,1,214537
BRDA:520,73,2,214537
BRDA:525,74,0,213246
BRDA:538,75,0,23332
BRDA:563,76,0,1512
BRDA:563,76,1,211471
BRDA:563,77,0,212983
BRDA:563,77,1,212000
BRDA:563,77,2,204618
BRDA:565,78,0,0
BRDA:565,78,1,211471
BRDA:565,79,0,0
BRDA:565,79,1,211471
BRDA:565,80,0,211471
BRDA:565,80,1,211471
BRDA:578,81,0,206989
BRDA:579,82,0,830
BRDA:579,83,0,208390
BRDA:579,83,1,107525
BRDA:579,83,2,106758
BRDA:579,83,3,834
BRDA:584,84,0,1669
BRDA:584,85,0,208390
BRDA:584,85,1,1669
BRDA:586,86,0,9291
BRDA:586,86,1,9964
BRDA:601,87,0,4334
BRDA:611,88,0,1240
BRDA:611,88,1,177133
BRDA:612,89,0,178373
BRDA:612,89,1,178373
BRDA:612,89,2,4776
BRDA:620,90,0,170
BRDA:620,90,1,176963
BRDA:621,91,0,170
BRDA:621,91,1,176963
BRF:152
BRH:127
end_of_record
TN:
SF:src/Embed.js
FN:18,(anonymous_8)
FN:25,(anonymous_9)
FN:32,(anonymous_10)
FN:39,(anonymous_11)
FN:46,(anonymous_12)
FN:53,(anonymous_13)
FN:60,(anonymous_14)
FN:66,(anonymous_15)
FN:72,(anonymous_16)
FN:81,(anonymous_17)
FN:90,(anonymous_18)
FN:95,(anonymous_19)
FN:98,(anonymous_20)
FN:104,(anonymous_21)
FN:109,(anonymous_23)
FN:128,(anonymous_24)
FN:130,(anonymous_25)
FN:140,(anonymous_26)
FN:145,(anonymous_28)
FN:155,(anonymous_29)
FN:201,(anonymous_31)
FN:210,(anonymous_32)
FN:242,(anonymous_34)
FN:260,(anonymous_36)
FN:302,(anonymous_38)
FN:350,(anonymous_39)
FN:399,(anonymous_40)
FN:413,(anonymous_42)
FN:424,(anonymous_44)
FN:438,(anonymous_45)
FN:443,(anonymous_47)
FN:13,(anonymous_48)
FN:451,(anonymous_49)
FN:451,(anonymous_50)
FN:456,(anonymous_51)
FN:467,(anonymous_52)
FN:475,(anonymous_53)
FN:479,(anonymous_54)
FN:484,(anonymous_55)
FN:491,(anonymous_56)
FN:495,(anonymous_57)
FN:502,(anonymous_58)
FN:508,(anonymous_59)
FN:517,(anonymous_60)
FNF:44
FNH:3
FNDA:0,(anonymous_8)
FNDA:28,(anonymous_9)
FNDA:0,(anonymous_10)
FNDA:29,(anonymous_11)
FNDA:0,(anonymous_12)
FNDA:0,(anonymous_13)
FNDA:0,(anonymous_14)
FNDA:0,(anonymous_15)
FNDA:0,(anonymous_16)
FNDA:0,(anonymous_17)
FNDA:0,(anonymous_18)
FNDA:0,(anonymous_19)
FNDA:0,(anonymous_20)
FNDA:0,(anonymous_21)
FNDA:0,(anonymous_23)
FNDA:0,(anonymous_24)
FNDA:0,(anonymous_25)
FNDA:0,(anonymous_26)
FNDA:0,(anonymous_28)
FNDA:0,(anonymous_29)
FNDA:0,(anonymous_31)
FNDA:0,(anonymous_32)
FNDA:0,(anonymous_34)
FNDA:0,(anonymous_36)
FNDA:0,(anonymous_38)
FNDA:0,(anonymous_39)
FNDA:0,(anonymous_40)
FNDA:0,(anonymous_42)
FNDA:0,(anonymous_44)
FNDA:0,(anonymous_45)
FNDA:0,(anonymous_47)
FNDA:1,(anonymous_48)
FNDA:0,(anonymous_49)
FNDA:0,(anonymous_50)
FNDA:0,(anonymous_51)
FNDA:0,(anonymous_52)
FNDA:0,(anonymous_53)
FNDA:0,(anonymous_54)
FNDA:0,(anonymous_55)
FNDA:0,(anonymous_56)
FNDA:0,(anonymous_57)
FNDA:0,(anonymous_58)
FNDA:0,(anonymous_59)
FNDA:0,(anonymous_60)
DA:1,1
DA:2,1
DA:3,1
DA:8,1
DA:10,1
DA:11,1
DA:12,1
DA:13,1
DA:14,1
DA:15,1
DA:17,1
DA:19,0
DA:20,0
DA:21,0
DA:26,28
DA:27,28
DA:28,0
DA:33,0
DA:34,0
DA:35,0
DA:40,29
DA:41,29
DA:42,0
DA:47,0
DA:48,0
DA:49,0
DA:54,0
DA:55,0
DA:56,0
DA:61,0
DA:62,0
DA:67,0
DA:68,0
DA:73,0
DA:74,0
DA:75,0
DA:77,0
DA:78,0
DA:82,0
DA:83,0
DA:86,0
DA:91,0
DA:92,0
DA:93,0
DA:95,0
DA:96,0
DA:98,0
DA:99,0
DA:101,0
DA:105,0
DA:106,0
DA:108,0
DA:109,0
DA:111,0
DA:112,0
DA:113,0
DA:115,0
DA:116,0
DA:117,0
DA:122,0
DA:123,0
DA:125,0
DA:126,0
DA:128,0
DA:129,0
DA:130,0
DA:131,0
DA:132,0
DA:133,0
DA:134,0
DA:141,0
DA:142,0
DA:144,0
DA:145,0
DA:146,0
DA:148,0
DA:149,0
DA:156,0
DA:157,0
DA:158,0
DA:161,0
DA:162,0
DA:163,0
DA:165,0
DA:168,0
DA:179,0
DA:180,0
DA:183,0
DA:184,0
DA:185,0
DA:186,0
DA:187,0
DA:188,0
DA:189,0
DA:190,0
DA:192,0
DA:193,0
DA:194,0
DA:195,0
DA:202,0
DA:203,0
DA:204,0
DA:205,0
DA:207,0
DA:211,0
DA:212,0
DA:214,0
DA:215,0
DA:216,0
DA:217,0
DA:220,0
DA:221,0
DA:223,0
DA:224,0
DA:225,0
DA:226,0
DA:227,0
DA:228,0
DA:229,0
DA:231,0
DA:234,0
DA:235,0
DA:236,0
DA:237,0
DA:238,0
DA:243,0
DA:261,0
DA:262,0
DA:302,0
DA:303,0
DA:308,0
DA:311,0
DA:314,0
DA:317,0
DA:318,0
DA:319,0
DA:322,0
DA:325,0
DA:326,0
DA:329,0
DA:332,0
DA:335,0
DA:337,0
DA:338,0
DA:339,0
DA:345,0
DA:346,0
DA:347,0
DA:348,0
DA:349,0
DA:350,0
DA:351,0
DA:354,0
DA:355,0
DA:358,0
DA:359,0
DA:363,0
DA:364,0
DA:371,0
DA:372,0
DA:376,0
DA:377,0
DA:381,0
DA:382,0
DA:383,0
DA:384,0
DA:385,0
DA:389,0
DA:390,0
DA:391,0
DA:393,0
DA:394,0
DA:395,0
DA:400,0
DA:401,0
DA:402,0
DA:404,0
DA:405,0
DA:406,0
DA:407,0
DA:409,0
DA:414,0
DA:415,0
DA:420,0
DA:421,0
DA:426,0
DA:427,0
DA:428,0
DA:432,0
DA:433,0
DA:439,0
DA:440,0
DA:442,0
DA:443,0
DA:444,0
DA:445,0
DA:450,1
DA:451,0
DA:452,0
DA:453,0
DA:455,0
DA:456,0
DA:457,0
DA:458,0
DA:464,1
DA:466,1
DA:468,0
DA:469,0
DA:470,0
DA:471,0
DA:472,0
DA:480,0
DA:481,0
DA:483,0
DA:484,0
DA:485,0
DA:486,0
DA:487,0
DA:492,0
DA:496,0
DA:497,0
DA:498,0
DA:503,0
DA:504,0
DA:506,0
DA:507,0
DA:508,0
DA:509,0
DA:510,0
DA:512,0
DA:516,1
DA:518,0
DA:522,1
DA:523,1
LF:234
LH:21
BRDA:18,0,0,0
BRDA:20,1,0,0
BRDA:20,2,0,0
BRDA:20,2,1,0
BRDA:25,3,0,0
BRDA:27,4,0,0
BRDA:27,5,0,28
BRDA:27,5,1,0
BRDA:32,6,0,0
BRDA:34,7,0,0
BRDA:34,8,0,0
BRDA:34,8,1,0
BRDA:39,9,0,0
BRDA:41,10,0,0
BRDA:41,11,0,29
BRDA:41,11,1,0
BRDA:46,12,0,0
BRDA:48,13,0,0
BRDA:48,14,0,0
BRDA:48,14,1,0
BRDA:53,15,0,0
BRDA:55,16,0,0
BRDA:55,17,0,0
BRDA:55,17,1,0
BRDA:61,18,0,0
BRDA:67,19,0,0
BRDA:72,20,0,0
BRDA:74,21,0,0
BRDA:74,22,0,0
BRDA:74,22,1,0
BRDA:74,22,2,0
BRDA:82,23,0,0
BRDA:82,23,1,0
BRDA:82,24,0,0
BRDA:82,24,1,0
BRDA:92,25,0,0
BRDA:98,26,0,0
BRDA:98,26,1,0
BRDA:104,27,0,0
BRDA:105,28,0,0
BRDA:108,29,0,0
BRDA:108,30,0,0
BRDA:108,30,1,0
BRDA:111,31,0,0
BRDA:111,32,0,0
BRDA:111,32,1,0
BRDA:125,33,0,0
BRDA:131,34,0,0
BRDA:141,35,0,0
BRDA:144,36,0,0
BRDA:144,37,0,0
BRDA:144,37,1,0
BRDA:157,38,0,0
BRDA:161,39,0,0
BRDA:161,39,1,0
BRDA:162,40,0,0
BRDA:162,41,0,0
BRDA:162,41,1,0
BRDA:162,41,2,0
BRDA:168,42,0,0
BRDA:169,43,0,0
BRDA:169,43,1,0
BRDA:169,43,2,0
BRDA:169,43,3,0
BRDA:169,43,4,0
BRDA:180,44,0,0
BRDA:180,44,1,0
BRDA:183,45,0,0
BRDA:184,46,0,0
BRDA:184,46,1,0
BRDA:187,47,0,0
BRDA:187,47,1,0
BRDA:189,48,0,0
BRDA:189,49,0,0
BRDA:189,49,1,0
BRDA:194,50,0,0
BRDA:202,51,0,0
BRDA:202,51,1,0
BRDA:203,52,0,0
BRDA:203,53,0,0
BRDA:203,53,1,0
BRDA:211,54,0,0
BRDA:214,55,0,0
BRDA:220,56,0,0
BRDA:221,57,0,0
BRDA:221,57,1,0
BRDA:223,58,0,0
BRDA:224,59,0,0
BRDA:224,59,1,0
BRDA:224,60,0,0
BRDA:224,60,1,0
BRDA:225,61,0,0
BRDA:227,62,0,0
BRDA:227,62,1,0
BRDA:228,63,0,0
BRDA:228,64,0,0
BRDA:228,64,1,0
BRDA:231,65,0,0
BRDA:231,65,1,0
BRDA:234,66,0,0
BRDA:260,67,0,0
BRDA:260,68,0,0
BRDA:261,69,0,0
BRDA:261,69,1,0
BRDA:262,70,0,0
BRDA:262,70,1,0
BRDA:308,71,0,0
BRDA:308,71,1,0
BRDA:317,72,0,0
BRDA:317,72,1,0
BRDA:317,72,2,0
BRDA:318,73,0,0
BRDA:329,74,0,0
BRDA:329,74,1,0
BRDA:332,75,0,0
BRDA:332,75,1,0
BRDA:337,76,0,0
BRDA:337,76,1,0
BRDA:338,77,0,0
BRDA:338,77,1,0
BRDA:341,78,0,0
BRDA:341,78,1,0
BRDA:343,79,0,0
BRDA:343,79,1,0
BRDA:346,80,0,0
BRDA:346,80,1,0
BRDA:346,80,2,0
BRDA:347,81,0,0
BRDA:347,81,1,0
BRDA:347,81,2,0
BRDA:349,82,0,0
BRDA:349,82,1,0
BRDA:349,82,2,0
BRDA:354,83,0,0
BRDA:358,84,0,0
BRDA:363,85,0,0
BRDA:363,86,0,0
BRDA:363,86,1,0
BRDA:371,87,0,0
BRDA:372,88,0,0
BRDA:372,88,1,0
BRDA:376,89,0,0
BRDA:381,90,0,0
BRDA:384,91,0,0
BRDA:384,91,1,0
BRDA:389,92,0,0
BRDA:389,92,1,0
BRDA:390,93,0,0
BRDA:401,94,0,0
BRDA:405,95,0,0
BRDA:413,96,0,0
BRDA:414,97,0,0
BRDA:426,98,0,0
BRDA:438,99,0,0
BRDA:439,100,0,0
BRDA:439,101,0,0
BRDA:439,101,1,0
BRDA:439,102,0,0
BRDA:439,102,1,0
BRDA:451,103,0,0
BRDA:452,104,0,0
BRDA:452,105,0,0
BRDA:452,105,1,0
BRDA:452,106,0,0
BRDA:452,106,1,0
BRDA:464,107,0,0
BRDA:464,107,1,1
BRDA:470,108,0,0
BRDA:470,108,1,0
BRDA:480,109,0,0
BRDA:480,110,0,0
BRDA:480,110,1,0
BRDA:497,111,0,0
BRDA:503,112,0,0
BRF:174
BRH:3
end_of_record
TN:
SF:src/EventEmitter.js
FN:4,(anonymous_6)
FN:25,(anonymous_7)
FN:29,(anonymous_8)
FN:8,(anonymous_9)
FN:17,(anonymous_10)
FNF:5
FNH:3
FNDA:10794,(anonymous_6)
FNDA:0,(anonymous_7)
FNDA:0,(anonymous_8)
FNDA:6,(anonymous_9)
FNDA:19698,(anonymous_10)
DA:1,1
DA:2,1
DA:3,1
DA:5,10794
DA:6,10794
DA:8,10794
DA:9,6
DA:12,10794
DA:17,10794
DA:18,19698
DA:19,19696
DA:21,19696
DA:25,10794
DA:26,0
DA:29,10794
DA:30,0
LF:16
LH:14
BRDA:4,0,0,10794
BRDA:5,1,0,10794
BRDA:5,2,0,10794
BRF:3
BRH:3
end_of_record
TN:
SF:src/Form.js
FN:114,(anonymous_7)
FN:136,(anonymous_8)
FN:155,(anonymous_9)
FN:161,(anonymous_10)
FN:168,(anonymous_11)
FN:174,(anonymous_12)
FN:211,(anonymous_13)
FN:230,(anonymous_14)
FN:234,(anonymous_15)
FN:262,(anonymous_16)
FN:272,(anonymous_17)
FN:292,(anonymous_18)
FN:300,(anonymous_19)
FN:303,(anonymous_20)
FN:306,(anonymous_21)
FN:309,(anonymous_22)
FN:344,(anonymous_23)
FN:353,(anonymous_24)
FN:364,(anonymous_25)
FN:373,(anonymous_26)
FN:384,(anonymous_27)
FN:392,(anonymous_28)
FN:393,(anonymous_29)
FN:403,(anonymous_30)
FN:420,(anonymous_31)
FN:428,(anonymous_32)
FN:440,(anonymous_33)
FN:454,(anonymous_34)
FN:456,(anonymous_35)
FN:458,(anonymous_36)
FN:464,(anonymous_37)
FN:469,(anonymous_38)
FN:475,(anonymous_39)
FN:484,(anonymous_40)
FN:490,(anonymous_41)
FN:498,(anonymous_42)
FN:510,(anonymous_43)
FNF:37
FNH:15
FNDA:740,(anonymous_7)
FNDA:740,(anonymous_8)
FNDA:738,(anonymous_9)
FNDA:39,(anonymous_10)
FNDA:26,(anonymous_11)
FNDA:26,(anonymous_12)
FNDA:727,(anonymous_13)
FNDA:0,(anonymous_14)
FNDA:0,(anonymous_15)
FNDA:15,(anonymous_16)
FNDA:60,(anonymous_17)
FNDA:738,(anonymous_18)
FNDA:0,(anonymous_19)
FNDA:13,(anonymous_20)
FNDA:0,(anonymous_21)
FNDA:13,(anonymous_22)
FNDA:738,(anonymous_23)
FNDA:13,(anonymous_24)
FNDA:0,(anonymous_25)
FNDA:0,(anonymous_26)
FNDA:0,(anonymous_27)
FNDA:0,(anonymous_28)
FNDA:0,(anonymous_29)
FNDA:0,(anonymous_30)
FNDA:0,(anonymous_31)
FNDA:0,(anonymous_32)
FNDA:0,(anonymous_33)
FNDA:0,(anonymous_34)
FNDA:0,(anonymous_35)
FNDA:0,(anonymous_36)
FNDA:0,(anonymous_37)
FNDA:0,(anonymous_38)
FNDA:0,(anonymous_39)
FNDA:0,(anonymous_40)
FNDA:0,(anonymous_41)
FNDA:0,(anonymous_42)
FNDA:566,(anonymous_43)
DA:1,1
DA:2,1
DA:3,1
DA:4,1
DA:5,1
DA:7,1
DA:116,740
DA:117,572
DA:118,572
DA:119,572
DA:122,168
DA:123,168
DA:124,168
DA:126,740
DA:127,0
DA:130,740
DA:132,740
DA:133,0
DA:136,740
DA:137,740
DA:138,740
DA:141,740
DA:142,740
DA:143,572
DA:144,0
DA:146,572
DA:149,168
DA:151,740
DA:152,740
DA:153,740
DA:154,738
DA:155,738
DA:158,740
DA:162,39
DA:163,39
DA:164,39
DA:165,39
DA:168,39
DA:169,26
DA:171,39
DA:175,26
DA:176,0
DA:178,26
DA:179,13
DA:180,0
DA:182,13
DA:196,13
DA:198,13
DA:199,13
DA:200,13
DA:202,13
DA:212,727
DA:213,0
DA:215,727
DA:216,727
DA:217,26
DA:221,701
DA:231,0
DA:235,0
DA:263,15
DA:264,15
DA:266,15
DA:267,0
DA:269,15
DA:270,15
DA:272,60
DA:273,0
DA:275,15
DA:277,15
DA:278,14
DA:284,1
DA:294,738
DA:295,738
DA:296,13
DA:298,13
DA:299,13
DA:301,0
DA:304,13
DA:307,0
DA:311,13
DA:312,0
DA:314,13
DA:315,13
DA:318,13
DA:319,13
DA:320,13
DA:322,0
DA:325,13
DA:326,13
DA:327,13
DA:328,0
DA:330,13
DA:331,0
DA:333,13
DA:338,725
DA:339,725
DA:340,725
DA:344,738
DA:345,738
DA:346,572
DA:348,738
DA:349,738
DA:354,13
DA:355,0
DA:357,13
DA:365,0
DA:374,0
DA:375,0
DA:378,0
DA:379,0
DA:380,0
DA:381,0
DA:385,0
DA:386,0
DA:387,0
DA:393,0
DA:394,0
DA:395,0
DA:397,0
DA:398,0
DA:399,0
DA:400,0
DA:401,0
DA:402,0
DA:403,0
DA:404,0
DA:405,0
DA:406,0
DA:407,0
DA:408,0
DA:422,0
DA:423,0
DA:425,0
DA:429,0
DA:430,0
DA:431,0
DA:433,0
DA:441,0
DA:442,0
DA:445,0
DA:446,0
DA:450,0
DA:451,0
DA:452,0
DA:454,0
DA:455,0
DA:456,0
DA:459,0
DA:460,0
DA:465,0
DA:466,0
DA:468,0
DA:470,0
DA:471,0
DA:476,0
DA:477,0
DA:479,0
DA:480,0
DA:482,0
DA:483,0
DA:485,0
DA:486,0
DA:491,0
DA:492,0
DA:493,0
DA:498,1
DA:510,1
DA:511,566
DA:514,1
LF:169
LH:92
BRDA:114,0,0,648
BRDA:116,1,0,572
BRDA:116,1,1,168
BRDA:124,2,0,168
BRDA:124,2,1,6
BRDA:126,3,0,0
BRDA:126,4,0,740
BRDA:126,4,1,740
BRDA:132,5,0,0
BRDA:142,6,0,572
BRDA:142,6,1,168
BRDA:143,7,0,0
BRDA:153,8,0,738
BRDA:164,9,0,39
BRDA:168,10,0,39
BRDA:168,10,1,13
BRDA:175,11,0,0
BRDA:175,12,0,26
BRDA:175,12,1,26
BRDA:178,13,0,13
BRDA:178,13,1,13
BRDA:179,14,0,0
BRDA:198,15,0,13
BRDA:199,16,0,13
BRDA:212,17,0,0
BRDA:212,18,0,727
BRDA:212,18,1,727
BRDA:212,18,2,727
BRDA:216,19,0,26
BRDA:216,19,1,701
BRDA:250,20,0,0
BRDA:250,20,1,0
BRDA:264,21,0,0
BRDA:264,21,1,15
BRDA:264,22,0,15
BRDA:264,22,1,15
BRDA:266,23,0,0
BRDA:272,24,0,0
BRDA:272,25,0,15
BRDA:272,25,1,15
BRDA:277,26,0,14
BRDA:294,27,0,738
BRDA:294,27,1,0
BRDA:295,28,0,13
BRDA:295,28,1,725
BRDA:311,29,0,0
BRDA:315,30,0,13
BRDA:315,30,1,13
BRDA:318,31,0,13
BRDA:318,31,1,0
BRDA:327,32,0,0
BRDA:330,33,0,0
BRDA:338,34,0,725
BRDA:338,34,1,725
BRDA:345,35,0,572
BRDA:354,36,0,0
BRDA:374,37,0,0
BRDA:374,38,0,0
BRDA:374,38,1,0
BRDA:385,39,0,0
BRDA:394,40,0,0
BRDA:394,41,0,0
BRDA:394,41,1,0
BRDA:397,42,0,0
BRDA:397,42,1,0
BRDA:398,43,0,0
BRDA:398,43,1,0
BRDA:399,44,0,0
BRDA:399,44,1,0
BRDA:406,45,0,0
BRDA:406,46,0,0
BRDA:406,46,1,0
BRDA:422,47,0,0
BRDA:422,48,0,0
BRDA:422,48,1,0
BRDA:429,49,0,0
BRDA:441,50,0,0
BRDA:445,51,0,0
BRDA:450,52,0,0
BRDA:450,52,1,0
BRDA:450,53,0,0
BRDA:450,53,1,0
BRDA:451,54,0,0
BRDA:451,54,1,0
BRDA:465,55,0,0
BRDA:476,56,0,0
BRDA:479,57,0,0
BRF:87
BRH:39
end_of_record
TN:
SF:src/FormBuilder.js
FN:36,(anonymous_1)
FN:46,(anonymous_2)
FN:64,(anonymous_3)
FNF:3
FNH:2
FNDA:11,(anonymous_1)
FNDA:11,(anonymous_2)
FNDA:0,(anonymous_3)
DA:1,1
DA:2,1
DA:3,1
DA:5,1
DA:24,1
DA:37,11
DA:38,11
DA:39,11
DA:47,11
DA:48,9
DA:52,2
DA:64,1
DA:65,0
DA:68,1
LF:14
LH:13
BRDA:37,0,0,11
BRDA:37,0,1,0
BRDA:38,1,0,11
BRDA:38,1,1,0
BRDA:42,2,0,0
BRDA:42,2,1,11
BRDA:42,3,0,11
BRDA:42,3,1,11
BRDA:47,4,0,9
BRDA:47,4,1,2
BRF:10
BRH:7
end_of_record
TN:
SF:src/Formio.js
FN:135,(anonymous_1)
FN:10,(anonymous_2)
FN:11,(anonymous_3)
FN:21,(anonymous_4)
FN:23,(anonymous_5)
FN:44,(anonymous_6)
FN:51,(anonymous_7)
FN:53,(anonymous_8)
FN:71,(anonymous_9)
FN:78,(anonymous_10)
FN:80,(anonymous_11)
FN:99,(anonymous_12)
FN:101,(anonymous_13)
FN:120,(anonymous_14)
FNF:14
FNH:11
FNDA:433540,(anonymous_1)
FNDA:5,(anonymous_2)
FNDA:3,(anonymous_3)
FNDA:3,(anonymous_4)
FNDA:3,(anonymous_5)
FNDA:2,(anonymous_6)
FNDA:2,(anonymous_7)
FNDA:2,(anonymous_8)
FNDA:0,(anonymous_9)
FNDA:0,(anonymous_10)
FNDA:0,(anonymous_11)
FNDA:6,(anonymous_12)
FNDA:57,(anonymous_13)
FNDA:2,(anonymous_14)
DA:1,1
DA:2,1
DA:3,1
DA:4,1
DA:5,1
DA:6,1
DA:7,1
DA:8,1
DA:10,5
DA:11,1
DA:12,3
DA:19,3
DA:20,3
DA:22,3
DA:24,3
DA:25,1
DA:26,1
DA:27,1
DA:28,1
DA:29,1
DA:31,1
DA:34,0
DA:37,2
DA:41,3
DA:44,1
DA:45,2
DA:50,2
DA:52,2
DA:54,2
DA:55,0
DA:56,0
DA:57,0
DA:58,0
DA:61,0
DA:64,2
DA:68,2
DA:71,1
DA:72,0
DA:77,0
DA:79,0
DA:81,0
DA:82,0
DA:83,0
DA:84,0
DA:85,0
DA:88,0
DA:91,0
DA:95,0
DA:99,1
DA:100,6
DA:101,6
DA:102,57
DA:103,57
DA:108,1
DA:109,1
DA:110,1
DA:111,1
DA:112,1
DA:113,1
DA:114,1
DA:115,1
DA:116,1
DA:117,1
DA:118,1
DA:119,1
DA:120,1
DA:121,2
DA:122,2
DA:126,1
DA:127,1
DA:130,1
DA:131,1
DA:134,1
DA:135,433541
LF:74
LH:57
BRDA:8,0,0,0
BRDA:8,0,1,1
BRDA:10,1,0,5
BRDA:10,1,1,4
BRDA:19,2,0,3
BRDA:19,2,1,2
BRDA:24,3,0,1
BRDA:24,4,0,3
BRDA:24,4,1,3
BRDA:26,5,0,1
BRDA:26,5,1,0
BRDA:28,6,0,1
BRDA:37,7,0,2
BRDA:37,7,1,0
BRDA:54,8,0,0
BRDA:54,9,0,2
BRDA:54,9,1,2
BRDA:56,10,0,0
BRDA:56,10,1,0
BRDA:64,11,0,2
BRDA:64,11,1,0
BRDA:81,12,0,0
BRDA:81,13,0,0
BRDA:81,13,1,0
BRDA:83,14,0,0
BRDA:83,14,1,0
BRDA:91,15,0,0
BRDA:91,15,1,0
BRDA:103,16,0,57
BRDA:103,16,1,0
BRDA:121,17,0,2
BRDA:121,18,0,2
BRDA:121,18,1,2
BRDA:126,19,0,1
BRDA:130,20,0,1
BRF:35
BRH:20
end_of_record
TN:
SF:src/InlineEmbed.js
FN:6,embed
FN:23,(anonymous_1)
FN:78,(anonymous_2)
FN:84,(anonymous_3)
FN:87,(anonymous_4)
FN:104,(anonymous_5)
FN:105,(anonymous_6)
FNF:7
FNH:0
FNDA:0,embed
FNDA:0,(anonymous_1)
FNDA:0,(anonymous_2)
FNDA:0,(anonymous_3)
FNDA:0,(anonymous_4)
FNDA:0,(anonymous_5)
FNDA:0,(anonymous_6)
DA:7,0
DA:8,0
DA:9,0
DA:10,0
DA:11,0
DA:12,0
DA:13,0
DA:16,0
DA:17,0
DA:20,0
DA:21,0
DA:22,0
DA:23,0
DA:24,0
DA:27,0
DA:28,0
DA:29,0
DA:30,0
DA:31,0
DA:32,0
DA:33,0
DA:36,0
DA:38,0
DA:39,0
DA:40,0
DA:62,0
DA:63,0
DA:65,0
DA:66,0
DA:67,0
DA:70,0
DA:71,0
DA:72,0
DA:77,0
DA:78,0
DA:79,0
DA:80,0
DA:84,0
DA:87,0
DA:88,0
DA:89,0
DA:90,0
DA:91,0
DA:94,0
DA:95,0
DA:96,0
DA:98,0
DA:104,0
DA:106,0
DA:115,0
LF:50
LH:0
BRDA:6,0,0,0
BRDA:8,1,0,0
BRDA:8,1,1,0
BRDA:11,2,0,0
BRDA:11,2,1,0
BRDA:13,3,0,0
BRDA:13,3,1,0
BRDA:14,4,0,0
BRDA:14,4,1,0
BRDA:20,5,0,0
BRDA:20,5,1,0
BRDA:24,6,0,0
BRDA:24,6,1,0
BRDA:30,7,0,0
BRDA:30,7,1,0
BRDA:38,8,0,0
BRDA:38,8,1,0
BRDA:39,9,0,0
BRDA:39,9,1,0
BRDA:41,10,0,0
BRDA:41,10,1,0
BRDA:42,11,0,0
BRDA:42,11,1,0
BRDA:43,12,0,0
BRDA:43,12,1,0
BRDA:44,13,0,0
BRDA:44,13,1,0
BRDA:49,14,0,0
BRDA:49,14,1,0
BRDA:51,15,0,0
BRDA:51,15,1,0
BRDA:52,16,0,0
BRDA:52,16,1,0
BRDA:53,17,0,0
BRDA:53,17,1,0
BRDA:56,18,0,0
BRDA:56,18,1,0
BRDA:58,19,0,0
BRDA:58,19,1,0
BRDA:62,20,0,0
BRDA:62,20,1,0
BRDA:65,21,0,0
BRDA:65,21,1,0
BRDA:66,22,0,0
BRDA:66,22,1,0
BRDA:79,23,0,0
BRDA:79,23,1,0
BRDA:89,24,0,0
BRDA:89,24,1,0
BRDA:95,25,0,0
BRDA:95,25,1,0
BRF:51
BRH:0
end_of_record
TN:
SF:src/PDF.js
FN:6,(anonymous_1)
FN:12,(anonymous_2)
FN:16,(anonymous_3)
FN:20,(anonymous_4)
FN:24,(anonymous_5)
FN:42,(anonymous_6)
FN:45,(anonymous_7)
FN:65,(anonymous_8)
FN:70,(anonymous_9)
FN:78,(anonymous_10)
FN:89,(anonymous_11)
FN:96,(anonymous_12)
FN:97,(anonymous_13)
FN:110,(anonymous_14)
FN:136,(anonymous_15)
FN:141,(anonymous_16)
FN:146,(anonymous_17)
FN:167,(anonymous_18)
FN:168,(anonymous_19)
FN:179,(anonymous_20)
FN:181,(anonymous_21)
FN:184,(anonymous_22)
FN:215,(anonymous_23)
FN:216,(anonymous_24)
FN:233,(anonymous_25)
FN:236,(anonymous_26)
FN:245,(anonymous_27)
FN:255,(anonymous_28)
FN:263,(anonymous_29)
FN:271,(anonymous_30)
FN:273,(anonymous_31)
FN:282,(anonymous_32)
FN:299,(anonymous_33)
FN:301,(anonymous_34)
FN:318,(anonymous_35)
FNF:35
FNH:12
FNDA:4,(anonymous_1)
FNDA:16,(anonymous_2)
FNDA:0,(anonymous_3)
FNDA:0,(anonymous_4)
FNDA:0,(anonymous_5)
FNDA:0,(anonymous_6)
FNDA:4,(anonymous_7)
FNDA:4,(anonymous_8)
FNDA:12,(anonymous_9)
FNDA:4,(anonymous_10)
FNDA:0,(anonymous_11)
FNDA:0,(anonymous_12)
FNDA:0,(anonymous_13)
FNDA:0,(anonymous_14)
FNDA:0,(anonymous_15)
FNDA:0,(anonymous_16)
FNDA:0,(anonymous_17)
FNDA:0,(anonymous_18)
FNDA:0,(anonymous_19)
FNDA:0,(anonymous_20)
FNDA:0,(anonymous_21)
FNDA:0,(anonymous_22)
FNDA:4,(anonymous_23)
FNDA:4,(anonymous_24)
FNDA:0,(anonymous_25)
FNDA:0,(anonymous_26)
FNDA:12,(anonymous_27)
FNDA:0,(anonymous_28)
FNDA:0,(anonymous_29)
FNDA:8,(anonymous_30)
FNDA:0,(anonymous_31)
FNDA:0,(anonymous_32)
FNDA:4,(anonymous_33)
FNDA:5,(anonymous_34)
FNDA:0,(anonymous_35)
DA:1,1
DA:2,1
DA:3,1
DA:5,1
DA:7,4
DA:8,4
DA:9,4
DA:13,16
DA:16,16
DA:20,16
DA:24,16
DA:25,0
DA:26,0
DA:27,0
DA:28,0
DA:42,16
DA:46,4
DA:58,4
DA:66,4
DA:67,4
DA:71,12
DA:72,0
DA:73,0
DA:75,12
DA:79,4
DA:80,0
DA:81,0
DA:82,0
DA:84,4
DA:85,4
DA:90,0
DA:91,0
DA:92,0
DA:93,0
DA:97,0
DA:98,0
DA:106,0
DA:107,0
DA:110,0
DA:111,0
DA:112,0
DA:116,0
DA:123,0
DA:124,0
DA:127,0
DA:128,0
DA:131,0
DA:132,0
DA:133,0
DA:136,0
DA:137,0
DA:138,0
DA:141,0
DA:142,0
DA:143,0
DA:146,0
DA:147,0
DA:148,0
DA:151,0
DA:152,0
DA:153,0
DA:154,0
DA:155,0
DA:156,0
DA:159,0
DA:168,0
DA:169,0
DA:170,0
DA:180,0
DA:181,0
DA:185,0
DA:186,0
DA:189,0
DA:190,0
DA:192,0
DA:193,0
DA:196,0
DA:197,0
DA:200,0
DA:201,0
DA:204,0
DA:205,0
DA:208,0
DA:209,0
DA:212,0
DA:216,4
DA:217,4
DA:218,0
DA:219,0
DA:220,0
DA:221,0
DA:223,4
DA:234,0
DA:235,0
DA:236,0
DA:237,0
DA:238,0
DA:242,0
DA:247,12
DA:248,12
DA:251,0
DA:252,0
DA:255,0
DA:256,0
DA:257,0
DA:258,0
DA:264,0
DA:274,0
DA:275,0
DA:276,0
DA:278,0
DA:279,0
DA:281,0
DA:282,0
DA:283,0
DA:286,0
DA:288,0
DA:289,0
DA:292,0
DA:293,0
DA:296,0
DA:300,4
DA:301,4
DA:302,5
DA:306,4
DA:310,4
DA:317,1
DA:318,1
DA:319,0
DA:320,0
DA:321,0
DA:324,0
DA:328,0
DA:334,0
LF:134
LH:33
BRDA:26,0,0,0
BRDA:35,1,0,0
BRDA:35,1,1,0
BRDA:67,2,0,4
BRDA:67,2,1,0
BRDA:70,3,0,4
BRDA:71,4,0,0
BRDA:79,5,0,0
BRDA:79,6,0,4
BRDA:79,6,1,4
BRDA:90,7,0,0
BRDA:90,7,1,0
BRDA:91,8,0,0
BRDA:91,8,1,0
BRDA:137,9,0,0
BRDA:152,10,0,0
BRDA:179,11,0,0
BRDA:185,12,0,0
BRDA:185,13,0,0
BRDA:185,13,1,0
BRDA:185,13,2,0
BRDA:192,14,0,0
BRDA:192,15,0,0
BRDA:192,15,1,0
BRDA:196,16,0,0
BRDA:200,17,0,0
BRDA:204,18,0,0
BRDA:208,19,0,0
BRDA:215,20,0,0
BRDA:217,21,0,0
BRDA:233,22,0,0
BRDA:235,23,0,0
BRDA:235,24,0,0
BRDA:235,24,1,0
BRDA:237,25,0,0
BRDA:247,26,0,12
BRDA:251,27,0,0
BRDA:256,28,0,0
BRDA:256,29,0,0
BRDA:256,29,1,0
BRDA:256,29,2,0
BRDA:256,30,0,0
BRDA:256,30,1,0
BRDA:276,31,0,0
BRDA:276,31,1,0
BRDA:276,32,0,0
BRDA:276,32,1,0
BRDA:278,33,0,0
BRDA:278,34,0,0
BRDA:278,34,1,0
BRDA:278,34,2,0
BRDA:292,35,0,0
BRDA:292,36,0,0
BRDA:292,36,1,0
BRDA:302,37,0,4
BRDA:303,38,0,5
BRDA:303,38,1,4
BRDA:303,38,2,0
BRDA:306,39,0,4
BRDA:306,39,1,4
BRDA:317,40,0,1
BRDA:328,41,0,0
BRDA:329,42,0,0
BRDA:329,42,1,0
BRDA:329,42,2,0
BRDA:329,42,3,0
BRF:66
BRH:11
end_of_record
TN:
SF:src/PDFBuilder.js
FN:11,(anonymous_1)
FN:35,(anonymous_2)
FN:67,(anonymous_3)
FN:71,(anonymous_4)
FN:75,(anonymous_5)
FN:81,(anonymous_6)
FN:87,(anonymous_7)
FN:91,(anonymous_8)
FN:107,(anonymous_9)
FN:119,(anonymous_10)
FN:133,(anonymous_11)
FN:137,(anonymous_12)
FN:141,(anonymous_13)
FN:150,(anonymous_14)
FN:161,(anonymous_15)
FN:175,(anonymous_16)
FN:187,(anonymous_17)
FN:188,(anonymous_18)
FN:191,(anonymous_19)
FN:200,(anonymous_20)
FN:208,(anonymous_21)
FN:216,(anonymous_22)
FN:228,(anonymous_23)
FN:258,(anonymous_24)
FN:261,(anonymous_25)
FN:269,(anonymous_26)
FN:274,(anonymous_27)
FN:283,(anonymous_28)
FN:296,(anonymous_29)
FN:299,(anonymous_30)
FN:313,(anonymous_31)
FN:317,(anonymous_32)
FN:337,(anonymous_33)
FN:353,(anonymous_34)
FN:373,(anonymous_35)
FN:380,(anonymous_36)
FN:388,(anonymous_37)
FN:396,(anonymous_38)
FN:400,(anonymous_39)
FN:401,(anonymous_40)
FN:408,(anonymous_41)
FN:415,(anonymous_42)
FN:425,(anonymous_43)
FN:437,(anonymous_44)
FN:444,(anonymous_45)
FN:501,(anonymous_46)
FN:506,(anonymous_47)
FN:519,(anonymous_48)
FNF:48
FNH:13
FNDA:4,(anonymous_1)
FNDA:8,(anonymous_2)
FNDA:16,(anonymous_3)
FNDA:12,(anonymous_4)
FNDA:8,(anonymous_5)
FNDA:8,(anonymous_6)
FNDA:8,(anonymous_7)
FNDA:0,(anonymous_8)
FNDA:8,(anonymous_9)
FNDA:0,(anonymous_10)
FNDA:0,(anonymous_11)
FNDA:0,(anonymous_12)
FNDA:0,(anonymous_13)
FNDA:0,(anonymous_14)
FNDA:0,(anonymous_15)
FNDA:0,(anonymous_16)
FNDA:0,(anonymous_17)
FNDA:0,(anonymous_18)
FNDA:0,(anonymous_19)
FNDA:0,(anonymous_20)
FNDA:4,(anonymous_21)
FNDA:0,(anonymous_22)
FNDA:4,(anonymous_23)
FNDA:0,(anonymous_24)
FNDA:4,(anonymous_25)
FNDA:4,(anonymous_26)
FNDA:0,(anonymous_27)
FNDA:4,(anonymous_28)
FNDA:0,(anonymous_29)
FNDA:0,(anonymous_30)
FNDA:0,(anonymous_31)
FNDA:0,(anonymous_32)
FNDA:0,(anonymous_33)
FNDA:0,(anonymous_34)
FNDA:0,(anonymous_35)
FNDA:0,(anonymous_36)
FNDA:0,(anonymous_37)
FNDA:0,(anonymous_38)
FNDA:0,(anonymous_39)
FNDA:0,(anonymous_40)
FNDA:0,(anonymous_41)
FNDA:0,(anonymous_42)
FNDA:0,(anonymous_43)
FNDA:0,(anonymous_44)
FNDA:0,(anonymous_45)
FNDA:0,(anonymous_46)
FNDA:0,(anonymous_47)
FNDA:0,(anonymous_48)
DA:1,1
DA:2,1
DA:4,1
DA:5,1
DA:6,1
DA:7,1
DA:8,1
DA:10,1
DA:13,4
DA:14,4
DA:15,4
DA:18,0
DA:22,4
DA:23,4
DA:25,4
DA:26,4
DA:29,0
DA:32,4
DA:36,8
DA:68,16
DA:72,12
DA:76,8
DA:77,8
DA:78,8
DA:82,8
DA:87,8
DA:91,0
DA:104,8
DA:109,8
DA:110,4
DA:119,4
DA:120,0
DA:124,4
DA:125,0
DA:128,4
DA:131,4
DA:132,4
DA:133,4
DA:134,0
DA:135,0
DA:137,4
DA:138,0
DA:139,0
DA:141,4
DA:142,0
DA:143,0
DA:144,0
DA:145,0
DA:149,4
DA:150,4
DA:151,0
DA:154,0
DA:155,0
DA:158,0
DA:161,4
DA:162,0
DA:163,0
DA:166,0
DA:167,0
DA:171,4
DA:175,4
DA:176,0
DA:182,0
DA:183,0
DA:188,0
DA:189,0
DA:191,0
DA:192,0
DA:194,0
DA:195,0
DA:197,0
DA:198,0
DA:199,0
DA:200,0
DA:201,0
DA:202,0
DA:203,0
DA:209,4
DA:210,4
DA:211,4
DA:213,4
DA:214,4
DA:216,4
DA:217,0
DA:218,0
DA:219,0
DA:220,0
DA:221,0
DA:224,0
DA:229,4
DA:231,4
DA:232,4
DA:233,4
DA:235,4
DA:237,4
DA:238,3
DA:239,3
DA:242,4
DA:243,4
DA:245,4
DA:246,4
DA:249,4
DA:255,4
DA:256,4
DA:258,0
DA:262,4
DA:263,0
DA:265,4
DA:266,4
DA:271,4
DA:272,4
DA:273,4
DA:274,4
DA:276,0
DA:277,0
DA:280,4
DA:284,4
DA:285,4
DA:297,0
DA:298,0
DA:299,0
DA:300,0
DA:301,0
DA:302,0
DA:303,0
DA:306,0
DA:314,0
DA:315,0
DA:316,0
DA:317,0
DA:318,0
DA:319,0
DA:320,0
DA:321,0
DA:329,0
DA:330,0
DA:332,0
DA:334,0
DA:337,0
DA:338,0
DA:339,0
DA:340,0
DA:347,0
DA:348,0
DA:350,0
DA:353,0
DA:354,0
DA:355,0
DA:356,0
DA:374,0
DA:375,0
DA:378,0
DA:379,0
DA:380,0
DA:381,0
DA:382,0
DA:385,0
DA:389,0
DA:390,0
DA:392,0
DA:393,0
DA:397,0
DA:398,0
DA:400,0
DA:401,0
DA:402,0
DA:403,0
DA:404,0
DA:405,0
DA:406,0
DA:407,0
DA:408,0
DA:409,0
DA:416,0
DA:417,0
DA:420,0
DA:421,0
DA:422,0
DA:427,0
DA:428,0
DA:429,0
DA:431,0
DA:432,0
DA:433,0
DA:434,0
DA:438,0
DA:439,0
DA:440,0
DA:441,0
DA:447,0
DA:448,0
DA:449,0
DA:450,0
DA:451,0
DA:453,0
DA:456,0
DA:459,0
DA:460,0
DA:461,0
DA:462,0
DA:465,0
DA:469,0
DA:470,0
DA:471,0
DA:472,0
DA:473,0
DA:475,0
DA:476,0
DA:477,0
DA:481,0
DA:482,0
DA:484,0
DA:491,0
DA:492,0
DA:494,0
DA:497,0
DA:498,0
DA:502,0
DA:505,0
DA:506,0
DA:507,0
DA:508,0
DA:512,0
DA:515,0
DA:516,0
DA:519,0
DA:520,0
DA:521,0
LF:228
LH:71
BRDA:13,0,0,4
BRDA:13,0,1,0
BRDA:13,1,0,4
BRDA:13,1,1,0
BRDA:25,2,0,4
BRDA:25,2,1,0
BRDA:72,3,0,12
BRDA:72,3,1,12
BRDA:77,4,0,8
BRDA:77,4,1,4
BRDA:99,5,0,4
BRDA:99,5,1,4
BRDA:109,6,0,4
BRDA:124,7,0,0
BRDA:124,7,1,4
BRDA:131,8,0,4
BRDA:149,9,0,4
BRDA:149,10,0,4
BRDA:149,10,1,4
BRDA:154,11,0,0
BRDA:154,11,1,0
BRDA:162,12,0,0
BRDA:198,13,0,0
BRDA:210,14,0,4
BRDA:213,15,0,4
BRDA:217,16,0,0
BRDA:220,17,0,0
BRDA:220,17,1,0
BRDA:231,18,0,4
BRDA:231,19,0,4
BRDA:231,19,1,4
BRDA:231,20,0,0
BRDA:231,20,1,4
BRDA:231,21,0,4
BRDA:231,21,1,4
BRDA:232,22,0,0
BRDA:232,22,1,4
BRDA:232,23,0,4
BRDA:232,23,1,4
BRDA:233,24,0,4
BRDA:233,24,1,0
BRDA:233,25,0,0
BRDA:233,25,1,4
BRDA:233,26,0,4
BRDA:233,26,1,4
BRDA:234,27,0,0
BRDA:234,27,1,0
BRDA:234,28,0,0
BRDA:234,28,1,0
BRDA:237,29,0,3
BRDA:237,30,0,4
BRDA:237,30,1,1
BRDA:237,30,2,1
BRDA:242,31,0,4
BRDA:245,32,0,4
BRDA:251,33,0,4
BRDA:251,33,1,0
BRDA:252,34,0,4
BRDA:252,34,1,3
BRDA:262,35,0,0
BRDA:265,36,0,0
BRDA:265,36,1,4
BRDA:276,37,0,0
BRDA:276,38,0,0
BRDA:276,38,1,0
BRDA:283,39,0,4
BRDA:300,40,0,0
BRDA:319,41,0,0
BRDA:319,42,0,0
BRDA:319,42,1,0
BRDA:329,43,0,0
BRDA:329,44,0,0
BRDA:329,44,1,0
BRDA:339,45,0,0
BRDA:339,46,0,0
BRDA:339,46,1,0
BRDA:355,47,0,0
BRDA:374,48,0,0
BRDA:389,49,0,0
BRDA:397,50,0,0
BRDA:416,51,0,0
BRDA:421,52,0,0
BRDA:421,52,1,0
BRDA:421,53,0,0
BRDA:421,53,1,0
BRDA:422,54,0,0
BRDA:422,54,1,0
BRDA:422,55,0,0
BRDA:422,55,1,0
BRDA:427,56,0,0
BRDA:427,57,0,0
BRDA:448,58,0,0
BRDA:448,58,1,0
BRDA:449,59,0,0
BRDA:449,59,1,0
BRDA:456,60,0,0
BRDA:459,61,0,0
BRDA:459,61,1,0
BRDA:459,62,0,0
BRDA:459,62,1,0
BRDA:459,62,2,0
BRDA:459,62,3,0
BRDA:459,62,4,0
BRDA:459,62,5,0
BRDA:475,63,0,0
BRDA:475,64,0,0
BRDA:475,64,1,0
BRDA:481,65,0,0
BRDA:481,65,1,0
BRDA:481,66,0,0
BRDA:481,66,1,0
BRDA:481,67,0,0
BRDA:481,67,1,0
BRDA:485,68,0,0
BRDA:485,68,1,0
BRDA:486,69,0,0
BRDA:486,69,1,0
BRDA:494,70,0,0
BRDA:494,70,1,0
BRDA:505,71,0,0
BRDA:507,72,0,0
BRDA:515,73,0,0
BRDA:520,74,0,0
BRF:123
BRH:41
end_of_record
TN:
SF:src/PDFBuilder.spec.js
FN:3,(anonymous_0)
FN:4,(anonymous_1)
FN:36,(anonymous_2)
FN:38,(anonymous_3)
FN:54,(anonymous_4)
FNF:5
FNH:0
FNDA:0,(anonymous_0)
FNDA:0,(anonymous_1)
FNDA:0,(anonymous_2)
FNDA:0,(anonymous_3)
FNDA:0,(anonymous_4)
DA:3,0
DA:4,0
DA:5,0
DA:32,0
DA:33,0
DA:34,0
DA:35,0
DA:37,0
DA:38,0
DA:39,0
DA:41,0
DA:42,0
DA:43,0
DA:46,0
DA:48,0
DA:51,0
DA:54,0
DA:55,0
DA:56,0
DA:57,0
DA:58,0
LF:21
LH:0
BRDA:39,0,0,0
BRDA:39,0,1,0
BRF:2
BRH:0
end_of_record
TN:
SF:src/Webform.js
FN:35,getIconSet
FN:47,getOptions
FN:166,(anonymous_3)
FN:402,(anonymous_4)
FN:420,(anonymous_5)
FN:264,(anonymous_6)
FN:289,(anonymous_7)
FN:315,(anonymous_8)
FN:333,(anonymous_9)
FN:337,(anonymous_10)
FN:341,(anonymous_11)
FN:349,(anonymous_12)
FN:357,(anonymous_13)
FN:366,(anonymous_14)
FN:370,(anonymous_15)
FN:380,(anonymous_16)
FN:390,(anonymous_17)
FN:432,(anonymous_18)
FN:458,(anonymous_19)
FN:473,(anonymous_20)
FN:481,(anonymous_21)
FN:487,(anonymous_22)
FN:488,(anonymous_23)
FN:490,(anonymous_24)
FN:503,(anonymous_25)
FN:508,(anonymous_26)
FN:513,(anonymous_27)
FN:532,(anonymous_28)
FN:540,(anonymous_29)
FN:550,(anonymous_30)
FN:569,(anonymous_31)
FN:577,(anonymous_32)
FN:578,(anonymous_33)
FN:579,(anonymous_34)
FN:589,(anonymous_35)
FN:597,(anonymous_36)
FN:658,(anonymous_37)
FN:698,(anonymous_38)
FN:730,(anonymous_39)
FN:734,(anonymous_40)
FN:747,(anonymous_41)
FN:761,(anonymous_42)
FN:769,(anonymous_43)
FN:786,(anonymous_44)
FN:796,(anonymous_45)
FN:809,(anonymous_46)
FN:816,(anonymous_47)
FN:826,(anonymous_48)
FN:828,(anonymous_49)
FN:831,(anonymous_50)
FN:840,(anonymous_51)
FN:860,(anonymous_52)
FN:866,(anonymous_53)
FN:877,(anonymous_54)
FN:892,(anonymous_55)
FN:895,(anonymous_56)
FN:906,(anonymous_57)
FN:913,(anonymous_58)
FN:916,(anonymous_59)
FN:920,(anonymous_60)
FN:921,(anonymous_61)
FN:932,(anonymous_62)
FN:961,(anonymous_63)
FN:977,(anonymous_64)
FN:1003,(anonymous_65)
FN:1004,(anonymous_66)
FN:1016,(anonymous_67)
FN:1019,(anonymous_68)
FN:1020,(anonymous_69)
FN:1021,(anonymous_70)
FN:1022,(anonymous_71)
FN:1029,(anonymous_72)
FN:1042,(anonymous_73)
FN:1053,(anonymous_74)
FN:1061,(anonymous_75)
FN:1072,(anonymous_76)
FN:1074,(anonymous_77)
FN:1082,(anonymous_78)
FN:1090,(anonymous_79)
FN:1101,(anonymous_80)
FN:1111,(anonymous_81)
FN:1118,(anonymous_82)
FN:1127,(anonymous_83)
FN:1132,(anonymous_84)
FN:1144,(anonymous_85)
FN:1145,(anonymous_86)
FN:1156,(anonymous_87)
FN:1160,(anonymous_88)
FN:1179,(anonymous_89)
FN:1214,(anonymous_90)
FN:1215,(anonymous_91)
FN:1219,(anonymous_92)
FN:1235,(anonymous_93)
FN:1256,(anonymous_94)
FN:1266,(anonymous_95)
FN:1274,(anonymous_96)
FN:1284,(anonymous_97)
FN:1297,(anonymous_98)
FN:1303,(anonymous_99)
FN:1304,(anonymous_100)
FN:1326,(anonymous_101)
FN:1354,(anonymous_102)
FN:1375,(anonymous_103)
FN:1394,(anonymous_104)
FN:1423,(anonymous_105)
FN:1452,(anonymous_106)
FN:1459,(anonymous_107)
FN:1485,(anonymous_108)
FN:1486,(anonymous_109)
FN:1498,(anonymous_110)
FN:1509,(anonymous_111)
FN:1524,(anonymous_112)
FN:1527,(anonymous_113)
FN:1546,(anonymous_114)
FN:1566,(anonymous_115)
FN:1576,(anonymous_116)
FN:1589,(anonymous_117)
FN:1618,(anonymous_118)
FN:1624,(anonymous_119)
FN:1643,(anonymous_120)
FN:1649,(anonymous_121)
FN:1661,(anonymous_122)
FN:1664,(anonymous_123)
FN:1665,(anonymous_124)
FN:1674,(anonymous_125)
FN:1678,(anonymous_126)
FN:1679,(anonymous_127)
FN:1683,(anonymous_128)
FN:1689,(anonymous_129)
FN:1690,(anonymous_130)
FN:1725,(anonymous_131)
FN:1728,(anonymous_132)
FN:1734,(anonymous_133)
FN:1747,(anonymous_134)
FN:1757,(anonymous_135)
FN:1761,(anonymous_136)
FN:1775,(anonymous_137)
FN:1780,(anonymous_138)
FN:1791,(anonymous_139)
FN:1796,(anonymous_140)
FN:1800,(anonymous_141)
FN:1804,(anonymous_142)
FNF:142
FNH:110
FNDA:1023,getIconSet
FNDA:1023,getOptions
FNDA:1023,(anonymous_3)
FNDA:0,(anonymous_4)
FNDA:0,(anonymous_5)
FNDA:1023,(anonymous_6)
FNDA:1023,(anonymous_7)
FNDA:14,(anonymous_8)
FNDA:1,(anonymous_9)
FNDA:35507,(anonymous_10)
FNDA:12255,(anonymous_11)
FNDA:1030,(anonymous_12)
FNDA:6,(anonymous_13)
FNDA:3312,(anonymous_14)
FNDA:10527,(anonymous_15)
FNDA:3,(anonymous_16)
FNDA:0,(anonymous_17)
FNDA:1863,(anonymous_18)
FNDA:0,(anonymous_19)
FNDA:0,(anonymous_20)
FNDA:15,(anonymous_21)
FNDA:15,(anonymous_22)
FNDA:0,(anonymous_23)
FNDA:0,(anonymous_24)
FNDA:0,(anonymous_25)
FNDA:0,(anonymous_26)
FNDA:0,(anonymous_27)
FNDA:0,(anonymous_28)
FNDA:0,(anonymous_29)
FNDA:144,(anonymous_30)
FNDA:116,(anonymous_31)
FNDA:729,(anonymous_32)
FNDA:729,(anonymous_33)
FNDA:729,(anonymous_34)
FNDA:0,(anonymous_35)
FNDA:4986,(anonymous_36)
FNDA:2369,(anonymous_37)
FNDA:0,(anonymous_38)
FNDA:2360,(anonymous_39)
FNDA:2360,(anonymous_40)
FNDA:555895,(anonymous_41)
FNDA:2063,(anonymous_42)
FNDA:9965,(anonymous_43)
FNDA:59,(anonymous_44)
FNDA:157,(anonymous_45)
FNDA:157,(anonymous_46)
FNDA:157,(anonymous_47)
FNDA:0,(anonymous_48)
FNDA:0,(anonymous_49)
FNDA:2,(anonymous_50)
FNDA:12,(anonymous_51)
FNDA:10,(anonymous_52)
FNDA:1,(anonymous_53)
FNDA:14,(anonymous_54)
FNDA:13,(anonymous_55)
FNDA:13,(anonymous_56)
FNDA:1,(anonymous_57)
FNDA:17,(anonymous_58)
FNDA:24,(anonymous_59)
FNDA:5319,(anonymous_60)
FNDA:2656,(anonymous_61)
FNDA:5260,(anonymous_62)
FNDA:11324,(anonymous_63)
FNDA:3453,(anonymous_64)
FNDA:53,(anonymous_65)
FNDA:27,(anonymous_66)
FNDA:0,(anonymous_67)
FNDA:4,(anonymous_68)
FNDA:3,(anonymous_69)
FNDA:0,(anonymous_70)
FNDA:0,(anonymous_71)
FNDA:3453,(anonymous_72)
FNDA:4,(anonymous_73)
FNDA:60,(anonymous_74)
FNDA:2562,(anonymous_75)
FNDA:0,(anonymous_76)
FNDA:0,(anonymous_77)
FNDA:5078,(anonymous_78)
FNDA:4906,(anonymous_79)
FNDA:2549,(anonymous_80)
FNDA:3564,(anonymous_81)
FNDA:3542,(anonymous_82)
FNDA:0,(anonymous_83)
FNDA:0,(anonymous_84)
FNDA:5,(anonymous_85)
FNDA:22,(anonymous_86)
FNDA:796,(anonymous_87)
FNDA:45,(anonymous_88)
FNDA:59,(anonymous_89)
FNDA:226,(anonymous_90)
FNDA:9,(anonymous_91)
FNDA:0,(anonymous_92)
FNDA:9,(anonymous_93)
FNDA:164,(anonymous_94)
FNDA:392,(anonymous_95)
FNDA:228,(anonymous_96)
FNDA:222,(anonymous_97)
FNDA:1,(anonymous_98)
FNDA:228,(anonymous_99)
FNDA:226,(anonymous_100)
FNDA:226,(anonymous_101)
FNDA:40,(anonymous_102)
FNDA:51,(anonymous_103)
FNDA:51,(anonymous_104)
FNDA:4735,(anonymous_105)
FNDA:754,(anonymous_106)
FNDA:1,(anonymous_107)
FNDA:0,(anonymous_108)
FNDA:0,(anonymous_109)
FNDA:2,(anonymous_110)
FNDA:90,(anonymous_111)
FNDA:90,(anonymous_112)
FNDA:90,(anonymous_113)
FNDA:90,(anonymous_114)
FNDA:0,(anonymous_115)
FNDA:197,(anonymous_116)
FNDA:46,(anonymous_117)
FNDA:0,(anonymous_118)
FNDA:0,(anonymous_119)
FNDA:7,(anonymous_120)
FNDA:2,(anonymous_121)
FNDA:3,(anonymous_122)
FNDA:1,(anonymous_123)
FNDA:1,(anonymous_124)
FNDA:81,(anonymous_125)
FNDA:40,(anonymous_126)
FNDA:40,(anonymous_127)
FNDA:41,(anonymous_128)
FNDA:90,(anonymous_129)
FNDA:0,(anonymous_130)
FNDA:75,(anonymous_131)
FNDA:75,(anonymous_132)
FNDA:4,(anonymous_133)
FNDA:3,(anonymous_134)
FNDA:1,(anonymous_135)
FNDA:3,(anonymous_136)
FNDA:2360,(anonymous_137)
FNDA:8219,(anonymous_138)
FNDA:1226,(anonymous_139)
FNDA:49,(anonymous_140)
FNDA:0,(anonymous_141)
FNDA:0,(anonymous_142)
DA:1,1
DA:2,1
DA:3,1
DA:4,1
DA:5,1
DA:6,1
DA:7,1
DA:8,1
DA:9,1
DA:17,1
DA:20,1
DA:21,1
DA:25,1
DA:28,1
DA:36,1023
DA:37,0
DA:39,1023
DA:48,1023
DA:58,1023
DA:59,285
DA:61,1023
DA:155,1
DA:168,1023
DA:169,987
DA:170,987
DA:172,36
DA:174,1023
DA:176,1023
DA:179,1023
DA:182,1023
DA:183,0
DA:190,1023
DA:191,1023
DA:192,1023
DA:193,1023
DA:194,1023
DA:195,1023
DA:196,1023
DA:197,1023
DA:202,0
DA:209,1023
DA:215,1023
DA:221,1023
DA:227,1023
DA:233,1023
DA:239,1023
DA:245,1023
DA:251,1023
DA:264,1023
DA:269,1023
DA:275,1023
DA:289,1023
DA:294,1023
DA:300,1023
DA:303,1023
DA:306,1023
DA:309,1023
DA:310,18
DA:311,4
DA:312,4
DA:315,14
DA:316,14
DA:318,14
DA:319,14
DA:325,1023
DA:328,1023
DA:329,1023
DA:334,1
DA:338,35507
DA:342,12255
DA:350,1030
DA:351,0
DA:353,1030
DA:354,1030
DA:355,1024
DA:357,6
DA:358,6
DA:359,0
DA:361,6
DA:362,6
DA:367,3312
DA:371,10527
DA:381,3
DA:382,3
DA:383,3
DA:384,3
DA:385,2
DA:391,0
DA:392,0
DA:395,0
DA:396,0
DA:399,0
DA:402,1023
DA:403,0
DA:404,0
DA:405,0
DA:408,0
DA:409,0
DA:410,0
DA:412,0
DA:413,0
DA:414,0
DA:415,0
DA:416,0
DA:417,0
DA:420,0
DA:421,0
DA:422,0
DA:425,0
DA:426,0
DA:427,0
DA:433,1863
DA:434,1863
DA:437,0
DA:439,0
DA:441,0
DA:442,0
DA:445,0
DA:450,0
DA:459,0
DA:460,0
DA:463,0
DA:474,0
DA:482,15
DA:483,15
DA:484,15
DA:487,15
DA:488,0
DA:490,0
DA:492,0
DA:494,15
DA:504,0
DA:505,0
DA:506,0
DA:509,0
DA:510,0
DA:511,0
DA:514,0
DA:515,0
DA:518,0
DA:533,0
DA:541,0
DA:551,144
DA:552,81
DA:554,63
DA:555,63
DA:556,63
DA:558,63
DA:560,63
DA:562,63
DA:570,116
DA:578,729
DA:579,729
DA:580,729
DA:590,0
DA:598,4986
DA:599,91
DA:600,91
DA:601,41
DA:604,41
DA:607,41
DA:610,91
DA:611,91
DA:612,91
DA:613,46
DA:615,45
DA:659,2369
DA:660,2369
DA:662,2369
DA:663,1
DA:667,2368
DA:669,2368
DA:670,71
DA:673,2368
DA:674,0
DA:677,0
DA:679,0
DA:683,2368
DA:684,0
DA:687,2368
DA:688,99
DA:691,2368
DA:692,2303
DA:697,2368
DA:698,0
DA:699,0
DA:707,2368
DA:708,0
DA:709,0
DA:710,0
DA:711,0
DA:713,0
DA:716,0
DA:718,0
DA:719,0
DA:722,0
DA:723,0
DA:728,2368
DA:729,2368
DA:730,2368
DA:731,2360
DA:732,2360
DA:734,2360
DA:735,2360
DA:736,2360
DA:739,2360
DA:748,555895
DA:749,1023
DA:753,555895
DA:762,2063
DA:770,9965
DA:787,59
DA:797,157
DA:798,157
DA:799,157
DA:800,157
DA:810,157
DA:814,157
DA:817,157
DA:818,0
DA:823,157
DA:824,157
DA:826,0
DA:828,0
DA:832,2
DA:833,2
DA:834,2
DA:841,12
DA:842,1
DA:844,11
DA:845,0
DA:846,0
DA:848,11
DA:849,0
DA:850,0
DA:852,11
DA:853,11
DA:855,11
DA:856,11
DA:857,11
DA:858,11
DA:862,10
DA:863,10
DA:864,10
DA:867,1
DA:868,1
DA:878,14
DA:879,14
DA:880,0
DA:881,0
DA:883,14
DA:884,14
DA:893,13
DA:894,13
DA:895,13
DA:896,13
DA:897,13
DA:898,13
DA:902,0
DA:903,0
DA:904,0
DA:907,1
DA:908,1
DA:909,1
DA:914,17
DA:915,17
DA:916,24
DA:917,17
DA:921,5319
DA:922,2656
DA:927,2
DA:933,5260
DA:934,6
DA:939,5260
DA:940,5260
DA:943,5260
DA:948,35
DA:951,5260
DA:952,5260
DA:953,5256
DA:956,5260
DA:957,5260
DA:958,5260
DA:962,11324
DA:963,0
DA:965,11324
DA:966,0
DA:968,11324
DA:969,11324
DA:970,11324
DA:978,3453
DA:979,2
DA:980,2
DA:981,2
DA:983,3451
DA:987,3453
DA:988,29
DA:989,29
DA:992,3453
DA:993,3453
DA:995,0
DA:997,3453
DA:998,3453
DA:1000,3453
DA:1001,3453
DA:1004,53
DA:1005,27
DA:1006,26
DA:1008,27
DA:1014,3453
DA:1016,0
DA:1019,3453
DA:1020,3453
DA:1021,3453
DA:1022,3453
DA:1024,3453
DA:1026,3453
DA:1032,3453
DA:1039,3449
DA:1042,4
DA:1043,4
DA:1054,60
DA:1055,60
DA:1056,60
DA:1057,60
DA:1058,60
DA:1062,2562
DA:1063,2562
DA:1064,2562
DA:1065,2562
DA:1066,2562
DA:1067,2562
DA:1069,2562
DA:1073,0
DA:1074,0
DA:1075,0
DA:1076,0
DA:1079,0
DA:1083,5078
DA:1084,5078
DA:1085,46
DA:1087,5078
DA:1091,4906
DA:1103,2549
DA:1104,207
DA:1106,2342
DA:1107,2342
DA:1108,2342
DA:1112,3564
DA:1113,3564
DA:1114,3564
DA:1115,3564
DA:1116,3564
DA:1117,3564
DA:1118,3564
DA:1119,3542
DA:1121,3542
DA:1128,0
DA:1130,0
DA:1133,0
DA:1134,0
DA:1135,0
DA:1141,0
DA:1145,22
DA:1146,5
DA:1147,5
DA:1157,796
DA:1158,59
DA:1159,43
DA:1160,9
DA:1161,45
DA:1162,45
DA:1165,43
DA:1166,43
DA:1168,59
DA:1170,737
DA:1171,0
DA:1172,0
DA:1174,0
DA:1176,737
DA:1177,58
DA:1178,58
DA:1179,38
DA:1180,59
DA:1181,59
DA:1184,58
DA:1185,58
DA:1190,737
DA:1191,149
DA:1196,149
DA:1202,149
DA:1207,737
DA:1208,588
DA:1211,149
DA:1213,149
DA:1214,105
DA:1215,226
DA:1216,9
DA:1217,9
DA:1219,226
DA:1220,0
DA:1221,0
DA:1222,0
DA:1223,0
DA:1228,149
DA:1236,9
DA:1237,9
DA:1238,9
DA:1239,9
DA:1257,164
DA:1258,164
DA:1259,5
DA:1262,164
DA:1263,164
DA:1266,392
DA:1268,164
DA:1269,59
DA:1270,59
DA:1274,105
DA:1275,228
DA:1276,228
DA:1277,221
DA:1280,228
DA:1281,1
DA:1284,228
DA:1285,222
DA:1286,222
DA:1288,222
DA:1289,1
DA:1290,0
DA:1292,1
DA:1295,222
DA:1297,222
DA:1301,105
DA:1302,105
DA:1303,228
DA:1304,105
DA:1305,226
DA:1306,226
DA:1308,226
DA:1315,226
DA:1316,226
DA:1317,214
DA:1320,226
DA:1326,105
DA:1328,226
DA:1334,226
DA:1338,105
DA:1339,105
DA:1340,105
DA:1341,64
DA:1344,103
DA:1355,40
DA:1356,40
DA:1357,40
DA:1359,40
DA:1363,40
DA:1365,40
DA:1366,1
DA:1368,40
DA:1369,40
DA:1370,6
DA:1372,40
DA:1376,51
DA:1377,51
DA:1378,1
DA:1381,51
DA:1382,1
DA:1386,51
DA:1395,51
DA:1397,51
DA:1398,51
DA:1399,51
DA:1402,51
DA:1403,1
DA:1404,1
DA:1407,50
DA:1409,47
DA:1410,47
DA:1413,47
DA:1424,4735
DA:1425,4735
DA:1426,4735
DA:1427,1314
DA:1430,3421
DA:1432,4735
DA:1433,4735
DA:1434,4735
DA:1436,4735
DA:1437,111
DA:1440,4735
DA:1442,4735
DA:1445,4735
DA:1452,4735
DA:1454,4735
DA:1455,4735
DA:1457,92
DA:1459,1
DA:1461,92
DA:1465,4735
DA:1466,12
DA:1469,4735
DA:1470,4639
DA:1471,4639
DA:1475,4735
DA:1476,2357
DA:1477,2357
DA:1486,0
DA:1487,0
DA:1488,0
DA:1499,2
DA:1500,2
DA:1501,2
DA:1502,2
DA:1504,0
DA:1505,0
DA:1511,90
DA:1512,90
DA:1525,90
DA:1527,90
DA:1529,90
DA:1530,0
DA:1536,90
DA:1538,90
DA:1540,90
DA:1542,90
DA:1543,90
DA:1547,90
DA:1548,1
DA:1551,89
DA:1553,89
DA:1554,89
DA:1555,82
DA:1556,0
DA:1558,82
DA:1563,82
DA:1566,0
DA:1569,43
DA:1573,0
DA:1576,46
DA:1577,197
DA:1578,0
DA:1580,197
DA:1581,197
DA:1582,1
DA:1586,46
DA:1590,46
DA:1592,0
DA:1593,0
DA:1599,0
DA:1600,0
DA:1603,46
DA:1606,46
DA:1608,0
DA:1612,0
DA:1619,0
DA:1625,0
DA:1627,0
DA:1631,46
DA:1632,46
DA:1633,36
DA:1639,10
DA:1642,10
DA:1644,7
DA:1650,2
DA:1652,2
DA:1662,3
DA:1663,1
DA:1664,1
DA:1666,1
DA:1667,1
DA:1669,2
DA:1670,1
DA:1675,81
DA:1676,81
DA:1677,81
DA:1678,40
DA:1680,40
DA:1681,40
DA:1684,41
DA:1685,41
DA:1690,90
DA:1691,0
DA:1692,0
DA:1693,0
DA:1699,0
DA:1700,0
DA:1704,90
DA:1726,75
DA:1727,75
DA:1728,75
DA:1730,0
DA:1735,4
DA:1736,0
DA:1739,4
DA:1740,4
DA:1741,4
DA:1746,4
DA:1747,3
DA:1748,3
DA:1749,2
DA:1753,4
DA:1754,4
DA:1758,1
DA:1759,1
DA:1762,3
DA:1763,3
DA:1764,3
DA:1765,3
DA:1766,3
DA:1769,0
DA:1770,0
DA:1771,0
DA:1776,2360
DA:1777,0
DA:1779,2360
DA:1780,2360
DA:1781,8219
DA:1782,0
DA:1786,2360
DA:1787,0
DA:1792,1226
DA:1793,1226
DA:1797,49
DA:1801,0
DA:1805,0
DA:1809,1
DA:1810,1
DA:1811,1
LF:629
LH:491
BRDA:20,0,0,1
BRDA:20,1,0,1
BRDA:20,1,1,1
BRDA:36,2,0,0
BRDA:39,3,0,1023
BRDA:39,3,1,1023
BRDA:50,4,0,0
BRDA:50,4,1,1023
BRDA:50,5,0,1023
BRDA:50,5,1,1023
BRDA:58,6,0,285
BRDA:166,7,0,132
BRDA:168,8,0,987
BRDA:168,8,1,36
BRDA:168,9,0,1023
BRDA:168,9,1,207
BRDA:170,10,0,987
BRDA:170,10,1,96
BRDA:172,11,0,36
BRDA:172,11,1,0
BRDA:404,12,0,0
BRDA:408,13,0,0
BRDA:408,13,1,0
BRDA:412,14,0,0
BRDA:412,14,1,0
BRDA:412,15,0,0
BRDA:412,15,1,0
BRDA:414,16,0,0
BRDA:414,16,1,0
BRDA:416,17,0,0
BRDA:421,18,0,0
BRDA:421,19,0,0
BRDA:421,19,1,0
BRDA:425,20,0,0
BRDA:182,21,0,0
BRDA:196,22,0,1023
BRDA:196,22,1,0
BRDA:309,23,0,18
BRDA:310,24,0,4
BRDA:310,24,1,14
BRDA:318,25,0,14
BRDA:318,26,0,14
BRDA:318,26,1,14
BRDA:350,27,0,0
BRDA:354,28,0,1024
BRDA:358,29,0,0
BRDA:380,30,0,0
BRDA:381,31,0,3
BRDA:384,32,0,2
BRDA:391,33,0,0
BRDA:395,34,0,0
BRDA:433,35,0,1863
BRDA:433,36,0,1863
BRDA:433,36,1,0
BRDA:439,37,0,0
BRDA:439,37,1,0
BRDA:439,38,0,0
BRDA:439,38,1,0
BRDA:441,39,0,0
BRDA:459,40,0,0
BRDA:459,41,0,0
BRDA:459,41,1,0
BRDA:483,42,0,15
BRDA:483,42,1,0
BRDA:504,43,0,0
BRDA:551,44,0,81
BRDA:551,45,0,144
BRDA:551,45,1,68
BRDA:551,45,2,68
BRDA:558,46,0,63
BRDA:580,47,0,0
BRDA:580,47,1,729
BRDA:598,48,0,91
BRDA:600,49,0,41
BRDA:600,50,0,91
BRDA:600,50,1,41
BRDA:610,51,0,91
BRDA:612,52,0,46
BRDA:612,52,1,45
BRDA:658,53,0,2245
BRDA:659,54,0,2369
BRDA:659,54,1,2369
BRDA:659,55,0,1021
BRDA:659,55,1,1348
BRDA:659,56,0,2369
BRDA:659,56,1,2369
BRDA:662,57,0,1
BRDA:662,58,0,2369
BRDA:662,58,1,1346
BRDA:667,59,0,52
BRDA:667,59,1,2316
BRDA:667,60,0,0
BRDA:667,60,1,2368
BRDA:667,61,0,2368
BRDA:667,61,1,2368
BRDA:669,62,0,71
BRDA:673,63,0,0
BRDA:673,64,0,1095
BRDA:673,64,1,1273
BRDA:673,65,0,2368
BRDA:673,65,1,2368
BRDA:673,66,0,1095
BRDA:673,66,1,1273
BRDA:673,67,0,2368
BRDA:673,67,1,2368
BRDA:683,68,0,0
BRDA:683,69,0,2368
BRDA:683,69,1,2368
BRDA:683,69,2,115
BRDA:687,70,0,99
BRDA:687,71,0,2368
BRDA:687,71,1,2368
BRDA:691,72,0,2303
BRDA:691,73,0,2368
BRDA:691,73,1,2366
BRDA:693,74,0,2303
BRDA:693,74,1,2301
BRDA:697,75,0,0
BRDA:697,76,0,2368
BRDA:697,76,1,0
BRDA:707,77,0,0
BRDA:707,78,0,2368
BRDA:707,78,1,2368
BRDA:709,79,0,0
BRDA:709,79,1,0
BRDA:718,80,0,0
BRDA:722,81,0,0
BRDA:722,82,0,0
BRDA:722,82,1,0
BRDA:729,83,0,2368
BRDA:729,83,1,0
BRDA:748,84,0,1023
BRDA:796,85,0,0
BRDA:809,86,0,147
BRDA:812,87,0,2
BRDA:812,87,1,155
BRDA:817,88,0,0
BRDA:832,89,0,2
BRDA:832,89,1,0
BRDA:835,90,0,1
BRDA:835,90,1,1
BRDA:836,91,0,2
BRDA:836,91,1,0
BRDA:841,92,0,1
BRDA:841,93,0,12
BRDA:841,93,1,12
BRDA:841,94,0,8
BRDA:841,94,1,4
BRDA:841,95,0,12
BRDA:841,95,1,12
BRDA:844,96,0,0
BRDA:848,97,0,0
BRDA:855,98,0,11
BRDA:855,99,0,11
BRDA:855,99,1,11
BRDA:878,100,0,14
BRDA:878,100,1,5
BRDA:879,101,0,0
BRDA:893,102,0,13
BRDA:893,103,0,13
BRDA:893,103,1,13
BRDA:922,104,0,2
BRDA:923,105,0,2656
BRDA:923,105,1,119
BRDA:923,105,2,119
BRDA:932,106,0,43
BRDA:933,107,0,6
BRDA:933,108,0,5260
BRDA:933,108,1,5260
BRDA:939,109,0,1506
BRDA:939,109,1,3754
BRDA:943,110,0,35
BRDA:944,111,0,5260
BRDA:944,111,1,5259
BRDA:944,111,2,3615
BRDA:952,112,0,5256
BRDA:962,113,0,0
BRDA:965,114,0,0
BRDA:978,115,0,2
BRDA:978,115,1,3451
BRDA:983,116,0,3451
BRDA:983,116,1,1022
BRDA:987,117,0,29
BRDA:987,118,0,3453
BRDA:987,118,1,2430
BRDA:992,119,0,3453
BRDA:992,119,1,0
BRDA:993,120,0,3453
BRDA:993,120,1,0
BRDA:1005,121,0,26
BRDA:1005,122,0,1
BRDA:1005,122,1,26
BRDA:1005,123,0,27
BRDA:1005,123,1,27
BRDA:1008,124,0,27
BRDA:1008,124,1,26
BRDA:1008,124,2,26
BRDA:1032,125,0,3449
BRDA:1033,126,0,3453
BRDA:1033,126,1,3453
BRDA:1033,126,2,4
BRDA:1033,126,3,4
BRDA:1033,126,4,0
BRDA:1033,126,5,0
BRDA:1061,127,0,2491
BRDA:1073,128,0,0
BRDA:1073,129,0,0
BRDA:1073,129,1,0
BRDA:1075,130,0,0
BRDA:1075,130,1,0
BRDA:1084,131,0,46
BRDA:1096,132,0,117
BRDA:1096,132,1,4789
BRDA:1103,133,0,207
BRDA:1133,134,0,0
BRDA:1157,135,0,59
BRDA:1157,136,0,796
BRDA:1157,136,1,647
BRDA:1158,137,0,43
BRDA:1159,138,0,9
BRDA:1159,139,0,43
BRDA:1159,139,1,39
BRDA:1170,140,0,0
BRDA:1171,141,0,0
BRDA:1176,142,0,58
BRDA:1178,143,0,38
BRDA:1178,144,0,58
BRDA:1178,144,1,44
BRDA:1190,145,0,149
BRDA:1192,146,0,149
BRDA:1192,146,1,0
BRDA:1192,146,2,149
BRDA:1197,147,0,0
BRDA:1197,147,1,149
BRDA:1207,148,0,588
BRDA:1213,149,0,105
BRDA:1213,150,0,149
BRDA:1213,150,1,149
BRDA:1220,151,0,0
BRDA:1236,152,0,9
BRDA:1238,153,0,9
BRDA:1258,154,0,5
BRDA:1262,155,0,164
BRDA:1268,156,0,59
BRDA:1275,157,0,228
BRDA:1276,158,0,221
BRDA:1280,159,0,1
BRDA:1288,160,0,1
BRDA:1289,161,0,0
BRDA:1289,161,1,1
BRDA:1295,162,0,0
BRDA:1295,162,1,222
BRDA:1302,163,0,105
BRDA:1303,164,0,7
BRDA:1303,164,1,221
BRDA:1303,165,0,228
BRDA:1303,165,1,228
BRDA:1303,166,0,7
BRDA:1303,166,1,221
BRDA:1303,167,0,228
BRDA:1303,167,1,228
BRDA:1306,168,0,226
BRDA:1306,168,1,226
BRDA:1306,168,2,226
BRDA:1308,169,0,226
BRDA:1308,169,1,214
BRDA:1308,169,2,213
BRDA:1308,169,3,7
BRDA:1308,169,4,0
BRDA:1308,169,5,7
BRDA:1308,169,6,1
BRDA:1308,169,7,6
BRDA:1308,169,8,1
BRDA:1308,170,0,0
BRDA:1308,170,1,226
BRDA:1308,171,0,226
BRDA:1308,171,1,226
BRDA:1309,172,0,0
BRDA:1309,172,1,214
BRDA:1309,173,0,214
BRDA:1309,173,1,214
BRDA:1310,174,0,7
BRDA:1310,174,1,206
BRDA:1310,175,0,213
BRDA:1310,175,1,213
BRDA:1310,176,0,0
BRDA:1310,176,1,213
BRDA:1310,177,0,213
BRDA:1310,177,1,213
BRDA:1311,178,0,7
BRDA:1311,178,1,0
BRDA:1311,179,0,7
BRDA:1311,179,1,7
BRDA:1311,180,0,0
BRDA:1311,180,1,0
BRDA:1311,181,0,0
BRDA:1311,181,1,0
BRDA:1315,182,0,220
BRDA:1315,182,1,6
BRDA:1316,183,0,214
BRDA:1316,184,0,226
BRDA:1316,184,1,226
BRDA:1328,185,0,197
BRDA:1328,185,1,29
BRDA:1328,186,0,226
BRDA:1328,186,1,219
BRDA:1328,186,2,29
BRDA:1328,187,0,7
BRDA:1328,187,1,219
BRDA:1328,188,0,226
BRDA:1328,188,1,226
BRDA:1328,189,0,1
BRDA:1328,189,1,218
BRDA:1328,190,0,219
BRDA:1328,190,1,219
BRDA:1331,191,0,0
BRDA:1331,191,1,29
BRDA:1331,192,0,29
BRDA:1331,192,1,29
BRDA:1340,193,0,64
BRDA:1365,194,0,1
BRDA:1365,195,0,40
BRDA:1365,195,1,1
BRDA:1365,196,0,0
BRDA:1365,196,1,1
BRDA:1365,197,0,1
BRDA:1365,197,1,1
BRDA:1369,198,0,6
BRDA:1376,199,0,51
BRDA:1377,200,0,1
BRDA:1377,201,0,51
BRDA:1377,201,1,50
BRDA:1381,202,0,1
BRDA:1399,203,0,51
BRDA:1399,203,1,0
BRDA:1402,204,0,1
BRDA:1402,205,0,51
BRDA:1402,205,1,51
BRDA:1409,206,0,47
BRDA:1409,207,0,47
BRDA:1409,207,1,47
BRDA:1424,208,0,4735
BRDA:1424,208,1,11
BRDA:1426,209,0,1314
BRDA:1426,209,1,3421
BRDA:1426,210,0,3413
BRDA:1426,210,1,1322
BRDA:1426,211,0,4735
BRDA:1426,211,1,4735
BRDA:1436,212,0,111
BRDA:1436,213,0,4735
BRDA:1436,213,1,214
BRDA:1442,214,0,4735
BRDA:1442,214,1,122
BRDA:1442,214,2,122
BRDA:1442,214,3,49
BRDA:1442,214,4,37
BRDA:1442,214,5,37
BRDA:1445,215,0,4633
BRDA:1445,215,1,102
BRDA:1452,216,0,4735
BRDA:1452,216,1,0
BRDA:1455,217,0,92
BRDA:1458,218,0,92
BRDA:1458,218,1,0
BRDA:1459,219,0,1
BRDA:1459,219,1,1
BRDA:1461,220,0,1
BRDA:1461,220,1,91
BRDA:1465,221,0,12
BRDA:1465,222,0,4735
BRDA:1465,222,1,214
BRDA:1469,223,0,4639
BRDA:1469,224,0,4735
BRDA:1469,224,1,4735
BRDA:1475,225,0,2357
BRDA:1475,226,0,4735
BRDA:1475,226,1,4639
BRDA:1500,227,0,2
BRDA:1500,227,1,0
BRDA:1500,228,0,2
BRDA:1500,228,1,2
BRDA:1500,228,2,0
BRDA:1511,229,0,90
BRDA:1511,229,1,30
BRDA:1524,230,0,11
BRDA:1529,231,0,0
BRDA:1536,232,0,90
BRDA:1536,232,1,0
BRDA:1540,233,0,90
BRDA:1540,233,1,34
BRDA:1540,233,2,31
BRDA:1547,234,0,1
BRDA:1551,235,0,0
BRDA:1551,235,1,89
BRDA:1551,236,0,89
BRDA:1551,236,1,89
BRDA:1554,237,0,82
BRDA:1554,238,0,89
BRDA:1554,238,1,82
BRDA:1555,239,0,0
BRDA:1563,240,0,43
BRDA:1564,241,0,82
BRDA:1564,241,1,39
BRDA:1565,242,0,39
BRDA:1565,242,1,0
BRDA:1565,243,0,39
BRDA:1565,243,1,39
BRDA:1577,244,0,0
BRDA:1577,245,0,197
BRDA:1577,245,1,0
BRDA:1577,245,2,0
BRDA:1581,246,0,1
BRDA:1590,247,0,0
BRDA:1592,248,0,0
BRDA:1599,249,0,0
BRDA:1599,249,1,0
BRDA:1606,250,0,0
BRDA:1606,251,0,46
BRDA:1606,251,1,46
BRDA:1608,252,0,0
BRDA:1608,252,1,0
BRDA:1608,253,0,0
BRDA:1608,253,1,0
BRDA:1616,254,0,0
BRDA:1616,254,1,0
BRDA:1632,255,0,36
BRDA:1632,256,0,46
BRDA:1632,256,1,44
BRDA:1639,257,0,0
BRDA:1639,257,1,10
BRDA:1662,258,0,1
BRDA:1662,258,1,2
BRDA:1664,259,0,1
BRDA:1664,259,1,0
BRDA:1669,260,0,1
BRDA:1690,261,0,84
BRDA:1690,261,1,6
BRDA:1690,262,0,90
BRDA:1690,262,1,90
BRDA:1691,263,0,0
BRDA:1699,264,0,0
BRDA:1725,265,0,21
BRDA:1725,266,0,22
BRDA:1727,267,0,75
BRDA:1727,267,1,0
BRDA:1735,268,0,0
BRDA:1739,269,0,4
BRDA:1739,269,1,0
BRDA:1746,270,0,3
BRDA:1746,271,0,4
BRDA:1746,271,1,3
BRDA:1748,272,0,2
BRDA:1748,273,0,3
BRDA:1748,273,1,2
BRDA:1753,274,0,4
BRDA:1753,274,1,0
BRDA:1753,275,0,4
BRDA:1753,275,1,4
BRDA:1762,276,0,0
BRDA:1762,276,1,3
BRDA:1762,277,0,0
BRDA:1762,277,1,3
BRDA:1776,278,0,0
BRDA:1776,279,0,2360
BRDA:1776,279,1,2360
BRDA:1781,280,0,0
BRDA:1781,281,0,8219
BRDA:1781,281,1,0
BRDA:1786,282,0,0
BRDA:1787,283,0,0
BRDA:1787,283,1,0
BRDA:1797,284,0,49
BRDA:1797,284,1,46
BRDA:1801,285,0,0
BRDA:1801,285,1,0
BRDA:1801,286,0,0
BRDA:1801,286,1,0
BRDA:1801,287,0,0
BRDA:1801,287,1,0
BRDA:1801,288,0,0
BRDA:1801,288,1,0
BRDA:1805,289,0,0
BRDA:1805,289,1,0
BRDA:1805,290,0,0
BRDA:1805,290,1,0
BRDA:1805,291,0,0
BRDA:1805,291,1,0
BRDA:1805,292,0,0
BRDA:1805,292,1,0
BRF:490
BRH:348
end_of_record
TN:
SF:src/WebformBuilder.js
FN:22,(anonymous_1)
FN:1685,(anonymous_2)
FN:52,(anonymous_3)
FN:67,(anonymous_4)
FN:68,(anonymous_5)
FN:76,(anonymous_6)
FN:77,(anonymous_7)
FN:78,(anonymous_8)
FN:122,(anonymous_9)
FN:141,(anonymous_10)
FN:162,(anonymous_11)
FN:169,(anonymous_12)
FN:176,(anonymous_13)
FN:203,(anonymous_14)
FN:236,(anonymous_15)
FN:248,(anonymous_16)
FN:255,(anonymous_17)
FN:291,(anonymous_18)
FN:295,(anonymous_19)
FN:296,(anonymous_20)
FN:306,(anonymous_21)
FN:349,(anonymous_22)
FN:360,(anonymous_23)
FN:380,(anonymous_24)
FN:387,(anonymous_25)
FN:396,(anonymous_26)
FN:407,(anonymous_27)
FN:414,(anonymous_28)
FN:421,(anonymous_29)
FN:428,(anonymous_30)
FN:445,(anonymous_31)
FN:449,(anonymous_32)
FN:475,(anonymous_33)
FN:479,(anonymous_34)
FN:483,(anonymous_35)
FN:487,(anonymous_36)
FN:491,(anonymous_37)
FN:501,(anonymous_38)
FN:524,(anonymous_39)
FN:539,(anonymous_40)
FN:545,(anonymous_41)
FN:549,(anonymous_42)
FN:562,(anonymous_43)
FN:563,(anonymous_44)
FN:567,(anonymous_45)
FN:593,(anonymous_46)
FN:601,(anonymous_47)
FN:613,(anonymous_48)
FN:618,(anonymous_49)
FN:619,(anonymous_50)
FN:622,(anonymous_51)
FN:633,(anonymous_52)
FN:634,(anonymous_53)
FN:643,(anonymous_54)
FN:660,(anonymous_55)
FN:670,(anonymous_56)
FN:679,(anonymous_57)
FN:703,(anonymous_58)
FN:705,(anonymous_59)
FN:708,(anonymous_60)
FN:711,(anonymous_61)
FN:712,(anonymous_62)
FN:715,(anonymous_63)
FN:721,(anonymous_64)
FN:731,(anonymous_65)
FN:748,(anonymous_66)
FN:753,(anonymous_67)
FN:754,(anonymous_68)
FN:755,(anonymous_69)
FN:756,(anonymous_70)
FN:760,(anonymous_71)
FN:769,(anonymous_72)
FN:776,(anonymous_73)
FN:785,(anonymous_74)
FN:788,(anonymous_75)
FN:789,(anonymous_76)
FN:801,(anonymous_77)
FN:804,(anonymous_78)
FN:807,(anonymous_79)
FN:810,(anonymous_80)
FN:822,(anonymous_81)
FN:865,(anonymous_82)
FN:874,(anonymous_83)
FN:874,(anonymous_84)
FN:874,(anonymous_85)
FN:875,(anonymous_86)
FN:875,(anonymous_87)
FN:879,(anonymous_88)
FN:879,(anonymous_89)
FN:883,(anonymous_90)
FN:883,(anonymous_91)
FN:891,(anonymous_92)
FN:938,(anonymous_93)
FN:953,(anonymous_94)
FN:1032,(anonymous_95)
FN:1040,(anonymous_96)
FN:1055,(anonymous_97)
FN:1060,(anonymous_98)
FN:1079,(anonymous_99)
FN:1086,(anonymous_100)
FN:1092,(anonymous_101)
FN:1096,(anonymous_102)
FN:1114,(anonymous_103)
FN:1132,(anonymous_104)
FN:1146,(anonymous_105)
FN:1153,(anonymous_106)
FN:1161,(anonymous_107)
FN:1163,(anonymous_108)
FN:1172,(anonymous_109)
FN:1191,(anonymous_110)
FN:1234,(anonymous_111)
FN:1235,(anonymous_112)
FN:1251,(anonymous_113)
FN:1275,(anonymous_114)
FN:1279,(anonymous_115)
FN:1300,(anonymous_116)
FN:1304,(anonymous_117)
FN:1323,(anonymous_118)
FN:1330,(anonymous_119)
FN:1343,(anonymous_120)
FN:1363,(anonymous_121)
FN:1389,(anonymous_122)
FN:1401,(anonymous_123)
FN:1403,(anonymous_124)
FN:1404,(anonymous_125)
FN:1414,(anonymous_126)
FN:1415,(anonymous_127)
FN:1427,(anonymous_128)
FN:1428,(anonymous_129)
FN:1444,(anonymous_130)
FN:1445,(anonymous_131)
FN:1463,(anonymous_132)
FN:1581,(anonymous_133)
FN:1610,(anonymous_134)
FN:1621,(anonymous_135)
FN:1643,(anonymous_136)
FN:1663,(anonymous_137)
FN:1672,(anonymous_138)
FN:1704,(anonymous_139)
FN:1755,(anonymous_140)
FN:1762,(anonymous_141)
FN:1788,(anonymous_142)
FN:1798,(anonymous_143)
FN:1811,(anonymous_144)
FN:1845,(anonymous_145)
FN:1849,(anonymous_146)
FN:1857,(anonymous_147)
FN:1870,(anonymous_148)
FN:1877,(anonymous_149)
FN:1883,(anonymous_150)
FN:1890,(anonymous_151)
FN:1901,(anonymous_152)
FN:1908,(anonymous_153)
FNF:153
FNH:96
FNDA:11,(anonymous_1)
FNDA:0,(anonymous_2)
FNDA:63,(anonymous_3)
FNDA:0,(anonymous_4)
FNDA:0,(anonymous_5)
FNDA:39,(anonymous_6)
FNDA:28,(anonymous_7)
FNDA:39,(anonymous_8)
FNDA:388,(anonymous_9)
FNDA:214,(anonymous_10)
FNDA:79,(anonymous_11)
FNDA:0,(anonymous_12)
FNDA:237,(anonymous_13)
FNDA:10,(anonymous_14)
FNDA:5,(anonymous_15)
FNDA:6,(anonymous_16)
FNDA:1,(anonymous_17)
FNDA:203,(anonymous_18)
FNDA:1,(anonymous_19)
FNDA:3,(anonymous_20)
FNDA:0,(anonymous_21)
FNDA:1608,(anonymous_22)
FNDA:311,(anonymous_23)
FNDA:0,(anonymous_24)
FNDA:0,(anonymous_25)
FNDA:0,(anonymous_26)
FNDA:1,(anonymous_27)
FNDA:0,(anonymous_28)
FNDA:3,(anonymous_29)
FNDA:7,(anonymous_30)
FNDA:13,(anonymous_31)
FNDA:14,(anonymous_32)
FNDA:47,(anonymous_33)
FNDA:4062,(anonymous_34)
FNDA:0,(anonymous_35)
FNDA:6,(anonymous_36)
FNDA:0,(anonymous_37)
FNDA:18,(anonymous_38)
FNDA:31,(anonymous_39)
FNDA:32,(anonymous_40)
FNDA:168,(anonymous_41)
FNDA:24,(anonymous_42)
FNDA:43,(anonymous_43)
FNDA:588,(anonymous_44)
FNDA:43,(anonymous_45)
FNDA:227,(anonymous_46)
FNDA:227,(anonymous_47)
FNDA:227,(anonymous_48)
FNDA:227,(anonymous_49)
FNDA:0,(anonymous_50)
FNDA:0,(anonymous_51)
FNDA:0,(anonymous_52)
FNDA:0,(anonymous_53)
FNDA:0,(anonymous_54)
FNDA:0,(anonymous_55)
FNDA:0,(anonymous_56)
FNDA:0,(anonymous_57)
FNDA:0,(anonymous_58)
FNDA:0,(anonymous_59)
FNDA:0,(anonymous_60)
FNDA:0,(anonymous_61)
FNDA:0,(anonymous_62)
FNDA:0,(anonymous_63)
FNDA:0,(anonymous_64)
FNDA:0,(anonymous_65)
FNDA:39,(anonymous_66)
FNDA:304,(anonymous_67)
FNDA:304,(anonymous_68)
FNDA:643,(anonymous_69)
FNDA:304,(anonymous_70)
FNDA:0,(anonymous_71)
FNDA:39,(anonymous_72)
FNDA:227,(anonymous_73)
FNDA:0,(anonymous_74)
FNDA:0,(anonymous_75)
FNDA:0,(anonymous_76)
FNDA:0,(anonymous_77)
FNDA:0,(anonymous_78)
FNDA:0,(anonymous_79)
FNDA:42,(anonymous_80)
FNDA:17,(anonymous_81)
FNDA:34,(anonymous_82)
FNDA:0,(anonymous_83)
FNDA:0,(anonymous_84)
FNDA:0,(anonymous_85)
FNDA:0,(anonymous_86)
FNDA:0,(anonymous_87)
FNDA:9,(anonymous_88)
FNDA:16,(anonymous_89)
FNDA:0,(anonymous_90)
FNDA:0,(anonymous_91)
FNDA:17,(anonymous_92)
FNDA:0,(anonymous_93)
FNDA:0,(anonymous_94)
FNDA:17,(anonymous_95)
FNDA:45,(anonymous_96)
FNDA:16,(anonymous_97)
FNDA:16,(anonymous_98)
FNDA:45,(anonymous_99)
FNDA:35,(anonymous_100)
FNDA:588,(anonymous_101)
FNDA:800,(anonymous_102)
FNDA:4,(anonymous_103)
FNDA:0,(anonymous_104)
FNDA:1,(anonymous_105)
FNDA:3,(anonymous_106)
FNDA:57,(anonymous_107)
FNDA:114,(anonymous_108)
FNDA:43,(anonymous_109)
FNDA:43,(anonymous_110)
FNDA:278,(anonymous_111)
FNDA:1633,(anonymous_112)
FNDA:0,(anonymous_113)
FNDA:23,(anonymous_114)
FNDA:137,(anonymous_115)
FNDA:23,(anonymous_116)
FNDA:118,(anonymous_117)
FNDA:14,(anonymous_118)
FNDA:29,(anonymous_119)
FNDA:29,(anonymous_120)
FNDA:14,(anonymous_121)
FNDA:14,(anonymous_122)
FNDA:18,(anonymous_123)
FNDA:18,(anonymous_124)
FNDA:0,(anonymous_125)
FNDA:18,(anonymous_126)
FNDA:1,(anonymous_127)
FNDA:18,(anonymous_128)
FNDA:14,(anonymous_129)
FNDA:18,(anonymous_130)
FNDA:0,(anonymous_131)
FNDA:18,(anonymous_132)
FNDA:44,(anonymous_133)
FNDA:81,(anonymous_134)
FNDA:2,(anonymous_135)
FNDA:15,(anonymous_136)
FNDA:0,(anonymous_137)
FNDA:0,(anonymous_138)
FNDA:0,(anonymous_139)
FNDA:0,(anonymous_140)
FNDA:0,(anonymous_141)
FNDA:0,(anonymous_142)
FNDA:0,(anonymous_143)
FNDA:0,(anonymous_144)
FNDA:14,(anonymous_145)
FNDA:268,(anonymous_146)
FNDA:396,(anonymous_147)
FNDA:38,(anonymous_148)
FNDA:47,(anonymous_149)
FNDA:42,(anonymous_150)
FNDA:0,(anonymous_151)
FNDA:0,(anonymous_152)
FNDA:17,(anonymous_153)
DA:1,1
DA:2,1
DA:3,1
DA:4,1
DA:5,1
DA:6,1
DA:7,1
DA:8,1
DA:9,1
DA:10,1
DA:11,1
DA:12,1
DA:15,1
DA:16,0
DA:18,1
DA:20,1
DA:24,11
DA:25,11
DA:26,11
DA:29,0
DA:32,11
DA:33,11
DA:35,11
DA:37,11
DA:38,11
DA:40,11
DA:41,11
DA:42,11
DA:44,11
DA:45,11
DA:46,11
DA:49,11
DA:52,11
DA:53,63
DA:54,24
DA:59,11
DA:60,11
DA:61,11
DA:62,63
DA:63,39
DA:64,39
DA:65,39
DA:66,39
DA:67,39
DA:68,0
DA:69,0
DA:71,39
DA:75,11
DA:76,39
DA:77,28
DA:78,39
DA:80,11
DA:81,517
DA:82,517
DA:83,396
DA:84,396
DA:85,396
DA:86,396
DA:87,396
DA:93,11
DA:94,39
DA:95,39
DA:96,308
DA:97,308
DA:98,308
DA:103,52
DA:105,308
DA:106,304
DA:107,304
DA:108,304
DA:112,4
DA:117,39
DA:120,11
DA:122,11
DA:123,388
DA:124,114
DA:126,114
DA:129,274
DA:130,0
DA:133,274
DA:141,11
DA:143,214
DA:144,0
DA:147,214
DA:151,96
DA:155,214
DA:162,11
DA:163,79
DA:164,0
DA:166,79
DA:169,11
DA:170,0
DA:171,0
DA:173,0
DA:176,11
DA:178,237
DA:179,0
DA:181,237
DA:182,0
DA:185,237
DA:186,237
DA:187,237
DA:190,237
DA:191,213
DA:195,237
DA:196,14
DA:200,223
DA:203,11
DA:204,10
DA:208,10
DA:210,10
DA:211,10
DA:216,11
DA:219,11
DA:227,11
DA:228,0
DA:230,11
DA:231,11
DA:233,11
DA:234,11
DA:236,11
DA:237,5
DA:238,0
DA:239,0
DA:241,0
DA:242,0
DA:244,0
DA:245,0
DA:249,6
DA:252,11
DA:253,7
DA:254,7
DA:256,1
DA:257,1
DA:265,1
DA:273,1
DA:274,1
DA:276,1
DA:282,11
DA:283,11
DA:285,11
DA:286,11
DA:287,11
DA:288,11
DA:292,203
DA:296,1
DA:297,3
DA:298,3
DA:306,3
DA:307,0
DA:308,0
DA:312,0
DA:314,0
DA:315,0
DA:316,0
DA:319,0
DA:320,0
DA:343,3
DA:346,1
DA:350,1608
DA:361,311
DA:362,43
DA:366,268
DA:368,268
DA:377,268
DA:378,268
DA:380,268
DA:381,0
DA:384,268
DA:385,268
DA:387,268
DA:388,0
DA:389,0
DA:393,268
DA:394,268
DA:395,268
DA:396,0
DA:397,0
DA:402,268
DA:404,268
DA:405,268
DA:407,268
DA:408,1
DA:411,268
DA:412,268
DA:414,268
DA:415,0
DA:418,268
DA:419,268
DA:421,268
DA:422,3
DA:425,268
DA:429,7
DA:430,7
DA:431,7
DA:434,7
DA:435,0
DA:438,7
DA:446,13
DA:450,14
DA:476,47
DA:480,4062
DA:484,0
DA:488,6
DA:492,0
DA:502,18
DA:504,18
DA:505,18
DA:506,18
DA:509,18
DA:510,13
DA:513,5
DA:515,5
DA:516,3
DA:520,2
DA:521,2
DA:526,31
DA:527,13
DA:531,18
DA:532,5
DA:536,13
DA:540,32
DA:545,168
DA:549,24
DA:563,43
DA:564,588
DA:565,588
DA:567,43
DA:568,43
DA:580,43
DA:581,0
DA:585,43
DA:586,39
DA:587,39
DA:588,0
DA:592,39
DA:593,39
DA:594,227
DA:595,227
DA:596,164
DA:598,227
DA:601,39
DA:602,227
DA:603,47
DA:604,47
DA:607,180
DA:608,180
DA:613,39
DA:614,227
DA:618,39
DA:619,227
DA:620,0
DA:621,0
DA:622,0
DA:623,0
DA:624,0
DA:625,0
DA:626,0
DA:632,39
DA:633,0
DA:634,0
DA:635,0
DA:636,0
DA:642,39
DA:644,0
DA:645,0
DA:649,39
DA:650,39
DA:653,39
DA:655,39
DA:656,39
DA:661,0
DA:665,39
DA:671,0
DA:672,0
DA:673,0
DA:675,0
DA:676,0
DA:679,0
DA:680,0
DA:681,0
DA:682,0
DA:684,0
DA:685,0
DA:686,0
DA:688,0
DA:689,0
DA:693,0
DA:694,0
DA:695,0
DA:697,0
DA:698,0
DA:700,0
DA:703,0
DA:704,0
DA:705,0
DA:708,0
DA:709,0
DA:710,0
DA:711,0
DA:712,0
DA:715,0
DA:716,0
DA:721,0
DA:730,0
DA:731,0
DA:734,0
DA:741,0
DA:743,0
DA:744,0
DA:749,39
DA:750,39
DA:751,39
DA:752,39
DA:753,304
DA:754,304
DA:755,643
DA:756,304
DA:761,0
DA:762,0
DA:764,0
DA:765,0
DA:770,39
DA:772,39
DA:773,3
DA:776,39
DA:777,227
DA:780,39
DA:781,0
DA:784,39
DA:786,0
DA:788,0
DA:789,0
DA:790,0
DA:791,0
DA:792,0
DA:796,0
DA:797,0
DA:799,0
DA:802,0
DA:805,0
DA:807,0
DA:811,42
DA:812,36
DA:814,42
DA:815,42
DA:816,0
DA:819,42
DA:825,17
DA:827,0
DA:828,0
DA:829,0
DA:830,0
DA:834,17
DA:835,17
DA:837,0
DA:838,0
DA:839,0
DA:840,0
DA:843,0
DA:844,0
DA:845,0
DA:846,0
DA:847,0
DA:848,0
DA:849,0
DA:854,17
DA:856,17
DA:857,0
DA:859,17
DA:862,17
DA:867,34
DA:868,34
DA:869,34
DA:870,34
DA:871,34
DA:872,34
DA:874,0
DA:875,0
DA:876,0
DA:877,0
DA:879,16
DA:880,8
DA:881,8
DA:883,0
DA:884,0
DA:885,0
DA:887,34
DA:892,17
DA:893,0
DA:897,17
DA:898,0
DA:901,17
DA:902,17
DA:903,17
DA:906,17
DA:908,17
DA:909,17
DA:910,0
DA:912,17
DA:914,0
DA:915,0
DA:916,0
DA:918,0
DA:923,0
DA:928,17
DA:929,0
DA:933,17
DA:934,17
DA:936,17
DA:937,0
DA:938,0
DA:939,0
DA:940,0
DA:941,0
DA:944,0
DA:945,0
DA:946,0
DA:947,0
DA:951,17
DA:952,0
DA:953,0
DA:954,0
DA:955,0
DA:956,0
DA:959,0
DA:960,0
DA:961,0
DA:962,0
DA:966,17
DA:968,17
DA:971,17
DA:974,17
DA:975,17
DA:976,0
DA:977,0
DA:978,0
DA:981,0
DA:983,0
DA:984,0
DA:988,17
DA:990,17
DA:991,17
DA:992,17
DA:993,12
DA:997,17
DA:998,0
DA:1001,17
DA:1003,17
DA:1004,17
DA:1009,17
DA:1010,17
DA:1011,0
DA:1013,17
DA:1014,0
DA:1017,17
DA:1018,0
DA:1020,17
DA:1025,0
DA:1028,17
DA:1029,0
DA:1032,17
DA:1033,17
DA:1034,17
DA:1035,0
DA:1041,45
DA:1042,8
DA:1045,45
DA:1046,1
DA:1049,45
DA:1050,45
DA:1051,0
DA:1053,45
DA:1055,45
DA:1056,16
DA:1059,45
DA:1060,16
DA:1063,45
DA:1064,38
DA:1076,45
DA:1077,45
DA:1079,45
DA:1080,45
DA:1081,39
DA:1083,45
DA:1084,10
DA:1086,35
DA:1089,0
DA:1094,588
DA:1095,588
DA:1096,588
DA:1097,800
DA:1098,0
DA:1100,800
DA:1101,0
DA:1102,0
DA:1105,588
DA:1106,0
DA:1108,588
DA:1109,0
DA:1115,4
DA:1116,0
DA:1118,4
DA:1119,4
DA:1126,4
DA:1127,3
DA:1129,3
DA:1131,4
DA:1132,0
DA:1134,4
DA:1135,4
DA:1136,3
DA:1137,3
DA:1138,3
DA:1140,0
DA:1141,0
DA:1143,3
DA:1144,1
DA:1145,1
DA:1146,1
DA:1148,0
DA:1149,0
DA:1152,3
DA:1153,3
DA:1154,3
DA:1155,3
DA:1158,4
DA:1162,57
DA:1163,57
DA:1164,114
DA:1165,57
DA:1168,57
DA:1173,43
DA:1175,43
DA:1176,43
DA:1189,43
DA:1191,43
DA:1193,43
DA:1194,43
DA:1195,38
DA:1196,38
DA:1201,43
DA:1202,43
DA:1203,39
DA:1208,39
DA:1209,37
DA:1231,37
DA:1232,37
DA:1233,37
DA:1234,37
DA:1235,278
DA:1236,1633
DA:1237,37
DA:1238,37
DA:1239,37
DA:1241,1596
DA:1245,37
DA:1246,22
DA:1247,22
DA:1248,22
DA:1249,22
DA:1250,22
DA:1251,22
DA:1252,22
DA:1256,2
DA:1258,2
DA:1259,2
DA:1261,2
DA:1262,0
DA:1263,0
DA:1266,2
DA:1267,2
DA:1272,43
DA:1276,23
DA:1277,23
DA:1279,23
DA:1280,137
DA:1281,0
DA:1284,137
DA:1285,10
DA:1286,5
DA:1289,5
DA:1293,127
DA:1297,23
DA:1301,23
DA:1302,23
DA:1304,23
DA:1305,118
DA:1306,118
DA:1307,10
DA:1308,10
DA:1312,23
DA:1324,14
DA:1325,14
DA:1326,14
DA:1327,14
DA:1328,14
DA:1329,14
DA:1330,29
DA:1332,14
DA:1333,14
DA:1334,14
DA:1335,14
DA:1336,14
DA:1338,14
DA:1340,14
DA:1342,14
DA:1343,14
DA:1344,29
DA:1345,14
DA:1348,14
DA:1349,14
DA:1350,14
DA:1352,14
DA:1353,14
DA:1354,14
DA:1355,14
DA:1358,0
DA:1359,0
DA:1362,14
DA:1363,14
DA:1364,14
DA:1365,14
DA:1374,14
DA:1375,14
DA:1377,14
DA:1378,0
DA:1379,0
DA:1380,0
DA:1385,0
DA:1386,0
DA:1390,14
DA:1402,18
DA:1403,18
DA:1404,18
DA:1405,0
DA:1406,0
DA:1407,0
DA:1408,0
DA:1409,0
DA:1413,18
DA:1414,18
DA:1415,18
DA:1416,1
DA:1418,1
DA:1419,1
DA:1420,1
DA:1421,1
DA:1422,1
DA:1426,18
DA:1427,18
DA:1428,18
DA:1429,14
DA:1430,14
DA:1433,14
DA:1434,0
DA:1435,0
DA:1436,0
DA:1438,14
DA:1439,14
DA:1443,18
DA:1444,18
DA:1445,18
DA:1446,0
DA:1447,0
DA:1448,0
DA:1449,0
DA:1456,0
DA:1457,0
DA:1458,0
DA:1464,18
DA:1465,0
DA:1467,18
DA:1468,18
DA:1469,18
DA:1470,18
DA:1471,18
DA:1472,18
DA:1474,18
DA:1475,2
DA:1476,2
DA:1480,18
DA:1481,18
DA:1482,15
DA:1486,18
DA:1489,18
DA:1490,18
DA:1491,18
DA:1493,18
DA:1495,18
DA:1507,18
DA:1509,18
DA:1528,18
DA:1532,18
DA:1534,18
DA:1535,18
DA:1537,18
DA:1546,18
DA:1547,2
DA:1549,18
DA:1550,18
DA:1558,18
DA:1561,18
DA:1563,18
DA:1564,18
DA:1572,18
DA:1575,18
DA:1577,18
DA:1579,18
DA:1581,18
DA:1582,44
DA:1583,25
DA:1584,0
DA:1585,0
DA:1591,0
DA:1594,25
DA:1595,1
DA:1598,25
DA:1599,25
DA:1600,25
DA:1602,0
DA:1603,0
DA:1606,25
DA:1608,1
DA:1609,1
DA:1610,1
DA:1611,81
DA:1612,1
DA:1613,1
DA:1618,1
DA:1619,1
DA:1621,2
DA:1624,1
DA:1632,25
DA:1633,1
DA:1637,25
DA:1641,18
DA:1643,18
DA:1644,15
DA:1645,15
DA:1646,15
DA:1647,15
DA:1649,15
DA:1650,0
DA:1651,0
DA:1654,15
DA:1655,15
DA:1657,18
DA:1660,18
DA:1664,0
DA:1673,0
DA:1674,0
DA:1675,0
DA:1676,0
DA:1679,0
DA:1680,0
DA:1681,0
DA:1682,0
DA:1685,11
DA:1686,0
DA:1687,0
DA:1688,0
DA:1691,0
DA:1692,0
DA:1695,0
DA:1696,0
DA:1699,0
DA:1700,0
DA:1705,0
DA:1707,0
DA:1708,0
DA:1709,0
DA:1710,0
DA:1711,0
DA:1713,0
DA:1715,0
DA:1716,0
DA:1719,0
DA:1720,0
DA:1722,0
DA:1723,0
DA:1726,0
DA:1727,0
DA:1731,0
DA:1732,0
DA:1734,0
DA:1735,0
DA:1736,0
DA:1738,0
DA:1739,0
DA:1740,0
DA:1741,0
DA:1742,0
DA:1743,0
DA:1745,0
DA:1746,0
DA:1747,0
DA:1751,0
DA:1756,0
DA:1757,0
DA:1758,0
DA:1759,0
DA:1763,0
DA:1764,0
DA:1765,0
DA:1767,0
DA:1770,0
DA:1771,0
DA:1774,0
DA:1775,0
DA:1776,0
DA:1779,0
DA:1781,0
DA:1782,0
DA:1785,0
DA:1788,0
DA:1789,0
DA:1799,0
DA:1800,0
DA:1802,0
DA:1803,0
DA:1812,0
DA:1813,0
DA:1815,0
DA:1816,0
DA:1817,0
DA:1818,0
DA:1819,0
DA:1820,0
DA:1821,0
DA:1822,0
DA:1823,0
DA:1824,0
DA:1826,0
DA:1828,0
DA:1829,0
DA:1830,0
DA:1831,0
DA:1833,0
DA:1834,0
DA:1836,0
DA:1838,0
DA:1840,0
DA:1846,14
DA:1850,268
DA:1851,268
DA:1852,268
DA:1854,268
DA:1858,396
DA:1859,144
DA:1862,252
DA:1863,252
DA:1864,252
DA:1865,252
DA:1867,252
DA:1871,38
DA:1872,31
DA:1874,38
DA:1878,47
DA:1879,11
DA:1884,42
DA:1885,13
DA:1887,42
DA:1891,0
DA:1892,0
DA:1893,0
DA:1894,0
DA:1897,0
DA:1902,0
DA:1903,0
DA:1904,0
DA:1909,17
LF:872
LH:555
BRDA:15,0,0,0
BRDA:15,1,0,1
BRDA:15,1,1,1
BRDA:24,2,0,11
BRDA:24,2,1,0
BRDA:24,3,0,11
BRDA:24,3,1,0
BRDA:33,4,0,11
BRDA:33,4,1,2
BRDA:1686,5,0,0
BRDA:1686,6,0,0
BRDA:1686,6,1,0
BRDA:1686,6,2,0
BRDA:1691,7,0,0
BRDA:1695,8,0,0
BRDA:1699,9,0,0
BRDA:53,10,0,24
BRDA:62,11,0,39
BRDA:65,12,0,39
BRDA:65,12,1,35
BRDA:66,13,0,39
BRDA:66,13,1,39
BRDA:67,14,0,39
BRDA:67,14,1,39
BRDA:76,15,0,39
BRDA:76,15,1,39
BRDA:82,16,0,396
BRDA:82,17,0,517
BRDA:82,17,1,407
BRDA:96,18,0,0
BRDA:96,18,1,308
BRDA:98,19,0,52
BRDA:99,20,0,308
BRDA:99,20,1,56
BRDA:99,20,2,52
BRDA:105,21,0,304
BRDA:105,21,1,4
BRDA:105,22,0,308
BRDA:105,22,1,308
BRDA:120,23,0,11
BRDA:120,23,1,11
BRDA:123,24,0,114
BRDA:123,25,0,388
BRDA:123,25,1,114
BRDA:129,26,0,0
BRDA:129,27,0,274
BRDA:129,27,1,0
BRDA:129,27,2,274
BRDA:135,28,0,0
BRDA:135,28,1,274
BRDA:135,29,0,274
BRDA:135,29,1,274
BRDA:135,30,0,0
BRDA:135,30,1,274
BRDA:135,31,0,274
BRDA:135,31,1,274
BRDA:137,32,0,0
BRDA:137,32,1,274
BRDA:137,33,0,274
BRDA:137,33,1,274
BRDA:137,34,0,0
BRDA:137,34,1,274
BRDA:137,35,0,274
BRDA:137,35,1,274
BRDA:143,36,0,0
BRDA:143,37,0,214
BRDA:143,37,1,0
BRDA:143,37,2,214
BRDA:147,38,0,96
BRDA:147,39,0,214
BRDA:147,39,1,214
BRDA:147,39,2,38
BRDA:147,39,3,176
BRDA:147,39,4,112
BRDA:147,39,5,75
BRDA:147,39,6,75
BRDA:163,40,0,0
BRDA:170,41,0,0
BRDA:170,42,0,0
BRDA:170,42,1,0
BRDA:178,43,0,0
BRDA:181,44,0,0
BRDA:185,45,0,237
BRDA:185,45,1,14
BRDA:190,46,0,213
BRDA:190,47,0,237
BRDA:190,47,1,225
BRDA:195,48,0,14
BRDA:195,49,0,237
BRDA:195,49,1,213
BRDA:195,49,2,24
BRDA:210,50,0,10
BRDA:227,51,0,0
BRDA:227,51,1,11
BRDA:227,52,0,11
BRDA:227,52,1,11
BRDA:230,53,0,11
BRDA:230,54,0,11
BRDA:230,54,1,11
BRDA:234,55,0,11
BRDA:234,55,1,0
BRDA:237,56,0,0
BRDA:237,57,0,5
BRDA:237,57,1,1
BRDA:237,57,2,1
BRDA:238,58,0,0
BRDA:238,58,1,0
BRDA:244,59,0,0
BRDA:244,60,0,0
BRDA:244,60,1,0
BRDA:249,61,0,6
BRDA:249,61,1,0
BRDA:252,62,0,7
BRDA:252,63,0,11
BRDA:252,63,1,7
BRDA:252,63,2,7
BRDA:253,64,0,7
BRDA:253,64,1,0
BRDA:256,65,0,1
BRDA:258,66,0,0
BRDA:258,66,1,1
BRDA:260,67,0,0
BRDA:260,67,1,1
BRDA:266,68,0,0
BRDA:266,68,1,1
BRDA:268,69,0,0
BRDA:268,69,1,1
BRDA:273,70,0,1
BRDA:283,71,0,11
BRDA:283,71,1,7
BRDA:307,72,0,0
BRDA:308,73,0,0
BRDA:309,74,0,0
BRDA:309,74,1,0
BRDA:309,74,2,0
BRDA:309,74,3,0
BRDA:315,75,0,0
BRDA:315,76,0,0
BRDA:315,76,1,0
BRDA:321,77,0,0
BRDA:321,77,1,0
BRDA:336,78,0,0
BRDA:336,78,1,0
BRDA:361,79,0,43
BRDA:377,80,0,268
BRDA:384,81,0,268
BRDA:393,82,0,268
BRDA:395,83,0,0
BRDA:404,84,0,268
BRDA:411,85,0,268
BRDA:418,86,0,268
BRDA:430,87,0,7
BRDA:434,88,0,0
BRDA:505,89,0,0
BRDA:505,89,1,18
BRDA:509,90,0,13
BRDA:509,91,0,18
BRDA:509,91,1,5
BRDA:515,92,0,3
BRDA:521,93,0,2
BRDA:521,93,1,0
BRDA:526,94,0,13
BRDA:531,95,0,5
BRDA:531,96,0,18
BRDA:531,96,1,13
BRDA:531,96,2,13
BRDA:580,97,0,0
BRDA:580,98,0,43
BRDA:580,98,1,43
BRDA:585,99,0,39
BRDA:585,100,0,43
BRDA:585,100,1,43
BRDA:587,101,0,0
BRDA:592,102,0,39
BRDA:595,103,0,164
BRDA:602,104,0,47
BRDA:602,104,1,180
BRDA:626,105,0,0
BRDA:626,105,1,0
BRDA:626,105,2,0
BRDA:626,105,3,0
BRDA:632,106,0,0
BRDA:635,107,0,0
BRDA:649,108,0,39
BRDA:655,109,0,39
BRDA:661,110,0,0
BRDA:661,110,1,0
BRDA:661,111,0,0
BRDA:661,111,1,0
BRDA:661,112,0,0
BRDA:661,112,1,0
BRDA:670,113,0,0
BRDA:675,114,0,0
BRDA:675,115,0,0
BRDA:675,115,1,0
BRDA:679,116,0,0
BRDA:681,117,0,0
BRDA:688,118,0,0
BRDA:688,119,0,0
BRDA:688,119,1,0
BRDA:694,120,0,0
BRDA:697,121,0,0
BRDA:697,122,0,0
BRDA:697,122,1,0
BRDA:719,123,0,0
BRDA:719,123,1,0
BRDA:743,124,0,0
BRDA:749,125,0,39
BRDA:749,125,1,39
BRDA:751,126,0,39
BRDA:754,127,0,304
BRDA:754,127,1,304
BRDA:754,127,2,304
BRDA:756,128,0,0
BRDA:756,128,1,304
BRDA:761,129,0,0
BRDA:764,130,0,0
BRDA:772,131,0,3
BRDA:780,132,0,0
BRDA:791,133,0,0
BRDA:791,134,0,0
BRDA:791,134,1,0
BRDA:796,135,0,0
BRDA:805,136,0,0
BRDA:805,136,1,0
BRDA:811,137,0,36
BRDA:815,138,0,0
BRDA:815,139,0,42
BRDA:815,139,1,42
BRDA:825,140,0,0
BRDA:825,140,1,17
BRDA:825,141,0,17
BRDA:825,141,1,17
BRDA:829,142,0,0
BRDA:829,143,0,0
BRDA:829,143,1,0
BRDA:834,144,0,17
BRDA:834,144,1,0
BRDA:837,145,0,0
BRDA:837,145,1,0
BRDA:839,146,0,0
BRDA:843,147,0,0
BRDA:847,148,0,0
BRDA:854,149,0,17
BRDA:856,150,0,0
BRDA:856,151,0,17
BRDA:856,151,1,0
BRDA:872,152,0,0
BRDA:872,152,1,8
BRDA:872,152,2,0
BRDA:892,153,0,0
BRDA:897,154,0,0
BRDA:906,155,0,17
BRDA:906,155,1,0
BRDA:906,156,0,17
BRDA:906,156,1,17
BRDA:909,157,0,0
BRDA:909,158,0,17
BRDA:909,158,1,0
BRDA:914,159,0,0
BRDA:916,160,0,0
BRDA:928,161,0,0
BRDA:933,162,0,0
BRDA:933,162,1,17
BRDA:934,163,0,17
BRDA:934,163,1,0
BRDA:934,164,0,0
BRDA:934,164,1,17
BRDA:934,165,0,17
BRDA:934,165,1,17
BRDA:936,166,0,0
BRDA:939,167,0,0
BRDA:944,168,0,0
BRDA:951,169,0,0
BRDA:954,170,0,0
BRDA:959,171,0,0
BRDA:966,172,0,17
BRDA:974,173,0,17
BRDA:975,174,0,0
BRDA:975,174,1,17
BRDA:976,175,0,0
BRDA:976,175,1,0
BRDA:978,176,0,0
BRDA:978,176,1,0
BRDA:983,177,0,0
BRDA:992,178,0,12
BRDA:997,179,0,0
BRDA:997,180,0,17
BRDA:997,180,1,17
BRDA:1003,181,0,17
BRDA:1003,182,0,17
BRDA:1003,182,1,17
BRDA:1003,182,2,17
BRDA:1003,182,3,17
BRDA:1003,183,0,17
BRDA:1003,183,1,0
BRDA:1009,184,0,17
BRDA:1009,184,1,0
BRDA:1010,185,0,0
BRDA:1010,185,1,17
BRDA:1010,186,0,17
BRDA:1010,186,1,0
BRDA:1013,187,0,0
BRDA:1013,187,1,17
BRDA:1017,188,0,0
BRDA:1028,189,0,0
BRDA:1033,190,0,17
BRDA:1033,190,1,17
BRDA:1033,190,2,17
BRDA:1034,191,0,0
BRDA:1034,192,0,17
BRDA:1034,192,1,17
BRDA:1034,192,2,17
BRDA:1041,193,0,8
BRDA:1045,194,0,1
BRDA:1045,195,0,45
BRDA:1045,195,1,45
BRDA:1049,196,0,45
BRDA:1049,196,1,45
BRDA:1049,197,0,26
BRDA:1049,197,1,19
BRDA:1049,198,0,45
BRDA:1049,198,1,45
BRDA:1050,199,0,0
BRDA:1056,200,0,16
BRDA:1056,200,1,7
BRDA:1056,200,2,2
BRDA:1059,201,0,45
BRDA:1059,201,1,45
BRDA:1059,201,2,10
BRDA:1063,202,0,38
BRDA:1076,203,0,45
BRDA:1077,204,0,45
BRDA:1077,204,1,39
BRDA:1080,205,0,39
BRDA:1083,206,0,10
BRDA:1095,207,0,588
BRDA:1097,208,0,0
BRDA:1100,209,0,0
BRDA:1105,210,0,0
BRDA:1105,210,1,588
BRDA:1108,211,0,0
BRDA:1115,212,0,0
BRDA:1119,213,0,4
BRDA:1119,213,1,4
BRDA:1119,213,2,3
BRDA:1119,213,3,1
BRDA:1119,213,4,0
BRDA:1119,213,5,1
BRDA:1119,213,6,0
BRDA:1126,214,0,3
BRDA:1126,215,0,4
BRDA:1126,215,1,4
BRDA:1127,216,0,3
BRDA:1127,216,1,0
BRDA:1131,217,0,0
BRDA:1134,218,0,4
BRDA:1134,218,1,0
BRDA:1135,219,0,3
BRDA:1135,220,0,4
BRDA:1135,220,1,3
BRDA:1137,221,0,3
BRDA:1137,221,1,0
BRDA:1140,222,0,0
BRDA:1140,223,0,0
BRDA:1140,223,1,0
BRDA:1143,224,0,1
BRDA:1143,225,0,3
BRDA:1143,225,1,1
BRDA:1143,225,2,1
BRDA:1145,226,0,1
BRDA:1145,226,1,0
BRDA:1148,227,0,0
BRDA:1152,228,0,3
BRDA:1152,228,1,0
BRDA:1161,229,0,0
BRDA:1162,230,0,57
BRDA:1164,231,0,57
BRDA:1173,232,0,43
BRDA:1173,232,1,43
BRDA:1175,233,0,43
BRDA:1185,234,0,43
BRDA:1185,234,1,43
BRDA:1194,235,0,38
BRDA:1202,236,0,39
BRDA:1202,237,0,43
BRDA:1202,237,1,39
BRDA:1203,238,0,39
BRDA:1203,238,1,24
BRDA:1203,238,2,24
BRDA:1203,238,3,22
BRDA:1203,238,4,22
BRDA:1203,238,5,2
BRDA:1208,239,0,37
BRDA:1208,239,1,2
BRDA:1236,240,0,37
BRDA:1245,241,0,22
BRDA:1245,242,0,37
BRDA:1245,242,1,37
BRDA:1245,242,2,37
BRDA:1245,242,3,22
BRDA:1261,243,0,0
BRDA:1280,244,0,0
BRDA:1284,245,0,10
BRDA:1284,245,1,127
BRDA:1285,246,0,5
BRDA:1285,246,1,5
BRDA:1306,247,0,10
BRDA:1325,248,0,14
BRDA:1325,248,1,0
BRDA:1326,249,0,14
BRDA:1326,249,1,0
BRDA:1328,250,0,14
BRDA:1328,250,1,0
BRDA:1329,251,0,14
BRDA:1332,252,0,14
BRDA:1332,252,1,0
BRDA:1333,253,0,14
BRDA:1335,254,0,14
BRDA:1335,254,1,14
BRDA:1344,255,0,14
BRDA:1348,256,0,0
BRDA:1348,256,1,14
BRDA:1348,257,0,14
BRDA:1348,257,1,14
BRDA:1349,258,0,0
BRDA:1349,258,1,14
BRDA:1349,259,0,14
BRDA:1349,259,1,14
BRDA:1352,260,0,14
BRDA:1352,260,1,0
BRDA:1352,261,0,14
BRDA:1352,261,1,14
BRDA:1354,262,0,14
BRDA:1358,263,0,0
BRDA:1362,264,0,14
BRDA:1362,264,1,0
BRDA:1364,265,0,14
BRDA:1364,265,1,0
BRDA:1364,266,0,0
BRDA:1364,266,1,0
BRDA:1377,267,0,0
BRDA:1433,268,0,0
BRDA:1452,269,0,0
BRDA:1452,269,1,0
BRDA:1457,270,0,0
BRDA:1457,270,1,0
[...]
BRDA:1671,245,0,989
BRDA:1671,245,1,20
BRDA:1671,246,0,1009
BRDA:1671,246,1,1009
BRDA:1671,247,0,0
BRDA:1671,247,1,1009
BRDA:1671,248,0,1009
BRDA:1671,248,1,1009
BRDA:1674,249,0,814
BRDA:1674,249,1,175
BRDA:1674,250,0,989
BRDA:1674,250,1,175
BRDA:1674,251,0,58
BRDA:1674,251,1,756
BRDA:1684,252,0,5941
BRDA:1688,253,0,746
BRDA:1688,253,1,12361
BRDA:1688,254,0,13107
BRDA:1688,254,1,7166
BRDA:1688,254,2,6420
BRDA:1702,255,0,158
BRDA:1702,255,1,154
BRDA:1702,255,2,2
BRDA:1702,255,3,2
BRDA:1715,256,0,554
BRDA:1716,257,0,4
BRDA:1716,258,0,643
BRDA:1716,258,1,89
BRDA:1716,259,0,0
BRDA:1716,259,1,89
BRDA:1716,260,0,89
BRDA:1716,260,1,89
BRDA:1720,261,0,12
BRDA:1720,261,1,627
BRDA:1720,262,0,538
BRDA:1720,262,1,101
BRDA:1720,263,0,639
BRDA:1720,263,1,639
BRDA:1723,264,0,89
BRDA:1723,265,0,538
BRDA:1723,265,1,89
BRDA:1723,266,0,627
BRDA:1723,266,1,627
BRDA:1760,267,0,0
BRDA:1760,267,1,0
BRDA:1762,268,0,0
BRDA:1766,269,0,0
BRDA:1784,270,0,0
BRDA:1784,270,1,1187
BRDA:1784,271,0,1187
BRDA:1784,271,1,0
BRF:484
BRH:301
end_of_record
TN:
SF:src/utils/conditionOperators/ConditionOperator.js
FN:5,(anonymous_1)
FN:9,(anonymous_2)
FN:13,(anonymous_3)
FN:17,(anonymous_4)
FN:21,(anonymous_5)
FN:25,(anonymous_6)
FNF:6
FNH:2
FNDA:0,(anonymous_1)
FNDA:0,(anonymous_2)
FNDA:0,(anonymous_3)
FNDA:0,(anonymous_4)
FNDA:804,(anonymous_5)
FNDA:20,(anonymous_6)
DA:1,1
DA:4,1
DA:6,0
DA:10,0
DA:14,0
DA:18,0
DA:22,804
DA:24,804
DA:25,20
DA:28,784
LF:10
LH:6
BRDA:21,0,0,0
BRDA:24,1,0,20
BRF:2
BRH:1
end_of_record
TN:
SF:src/utils/conditionOperators/DateGreaterThan.js
FN:4,(anonymous_1)
FN:8,(anonymous_2)
FN:12,(anonymous_3)
FN:20,(anonymous_4)
FNF:4
FNH:3
FNDA:1,(anonymous_1)
FNDA:0,(anonymous_2)
FNDA:28,(anonymous_3)
FNDA:56,(anonymous_4)
DA:1,1
DA:2,1
DA:3,1
DA:5,1
DA:9,0
DA:13,28
DA:14,28
DA:15,28
DA:17,28
DA:21,56
DA:23,56
DA:24,25
DA:27,31
DA:29,31
DA:30,31
DA:33,31
DA:34,3
DA:37,28
DA:39,28
LF:19
LH:18
BRDA:13,0,0,28
BRDA:13,0,1,0
BRDA:14,1,0,16
BRDA:14,1,1,12
BRDA:15,2,0,16
BRDA:15,2,1,12
BRDA:20,3,0,16
BRDA:23,4,0,25
BRDA:29,5,0,31
BRDA:29,6,0,0
BRDA:29,6,1,31
BRDA:29,7,0,31
BRDA:29,7,1,31
BRDA:29,8,0,0
BRDA:29,8,1,31
BRDA:29,9,0,31
BRDA:29,9,1,31
BRDA:33,10,0,3
BRDA:33,11,0,31
BRDA:33,11,1,31
BRDA:33,11,2,19
BRF:21
BRH:18
end_of_record
TN:
SF:src/utils/conditionOperators/DateGreaterThanOrEqual.js
FN:4,(anonymous_1)
FN:8,(anonymous_2)
FN:12,(anonymous_3)
FNF:3
FNH:2
FNDA:1,(anonymous_1)
FNDA:0,(anonymous_2)
FNDA:8,(anonymous_3)
DA:1,1
DA:3,1
DA:5,1
DA:9,0
DA:13,8
LF:5
LH:4
BRF:0
BRH:0
end_of_record
TN:
SF:src/utils/conditionOperators/DateLessThan.js
FN:4,(anonymous_1)
FN:8,(anonymous_2)
FN:12,(anonymous_3)
FNF:3
FNH:2
FNDA:1,(anonymous_1)
FNDA:0,(anonymous_2)
FNDA:8,(anonymous_3)
DA:1,1
DA:3,1
DA:5,1
DA:9,0
DA:13,8
LF:5
LH:4
BRF:0
BRH:0
end_of_record
TN:
SF:src/utils/conditionOperators/DateLessThanOrEqual.js
FN:4,(anonymous_1)
FN:8,(anonymous_2)
FN:12,(anonymous_3)
FNF:3
FNH:2
FNDA:1,(anonymous_1)
FNDA:0,(anonymous_2)
FNDA:8,(anonymous_3)
DA:1,1
DA:3,1
DA:5,1
DA:9,0
DA:13,8
LF:5
LH:4
BRF:0
BRH:0
end_of_record
TN:
SF:src/utils/conditionOperators/EndsWith.js
FN:5,(anonymous_1)
FN:9,(anonymous_2)
FN:13,(anonymous_3)
FNF:3
FNH:2
FNDA:1,(anonymous_1)
FNDA:0,(anonymous_2)
FNDA:60,(anonymous_3)
DA:1,1
DA:2,1
DA:4,1
DA:6,1
DA:10,0
DA:14,60
LF:6
LH:5
BRF:0
BRH:0
end_of_record
TN:
SF:src/utils/conditionOperators/GreaterThan.js
FN:5,(anonymous_1)
FN:9,(anonymous_2)
FN:13,(anonymous_3)
FNF:3
FNH:2
FNDA:1,(anonymous_1)
FNDA:0,(anonymous_2)
FNDA:16,(anonymous_3)
DA:1,1
DA:2,1
DA:4,1
DA:6,1
DA:10,0
DA:14,16
LF:6
LH:5
BRDA:14,0,0,16
BRDA:14,0,1,8
BRF:2
BRH:2
end_of_record
TN:
SF:src/utils/conditionOperators/GreaterThanOrEqual.js
FN:5,(anonymous_1)
FN:9,(anonymous_2)
FN:13,(anonymous_3)
FNF:3
FNH:2
FNDA:1,(anonymous_1)
FNDA:0,(anonymous_2)
FNDA:8,(anonymous_3)
DA:1,1
DA:2,1
DA:4,1
DA:6,1
DA:10,0
DA:14,8
LF:6
LH:5
BRDA:14,0,0,8
BRDA:14,0,1,4
BRDA:14,0,2,4
BRF:3
BRH:3
end_of_record
TN:
SF:src/utils/conditionOperators/Includes.js
FN:5,(anonymous_1)
FN:9,(anonymous_2)
FN:13,(anonymous_3)
FNF:3
FNH:2
FNDA:1,(anonymous_1)
FNDA:0,(anonymous_2)
FNDA:24,(anonymous_3)
DA:1,1
DA:2,1
DA:4,1
DA:6,1
DA:10,0
DA:14,24
LF:6
LH:5
BRF:0
BRH:0
end_of_record
TN:
SF:src/utils/conditionOperators/IsDateEqual.js
FN:4,(anonymous_1)
FN:8,(anonymous_2)
FN:12,(anonymous_3)
FNF:3
FNH:2
FNDA:1,(anonymous_1)
FNDA:0,(anonymous_2)
FNDA:8,(anonymous_3)
DA:1,1
DA:3,1
DA:5,1
DA:9,0
DA:13,8
LF:5
LH:4
BRF:0
BRH:0
end_of_record
TN:
SF:src/utils/conditionOperators/IsEmptyValue.js
FN:5,(anonymous_1)
FN:9,(anonymous_2)
FN:13,(anonymous_3)
FN:17,(anonymous_4)
FN:28,(anonymous_5)
FNF:5
FNH:3
FNDA:1,(anonymous_1)
FNDA:0,(anonymous_2)
FNDA:0,(anonymous_3)
FNDA:113,(anonymous_4)
FNDA:113,(anonymous_5)
DA:1,1
DA:2,1
DA:4,1
DA:6,1
DA:10,0
DA:14,0
DA:18,113
DA:20,113
DA:21,113
DA:22,113
DA:25,0
DA:29,113
LF:12
LH:9
BRDA:18,0,0,6
BRDA:18,0,1,107
BRDA:20,1,0,113
BRDA:20,2,0,0
BRDA:20,2,1,113
BRDA:20,3,0,113
BRDA:20,3,1,113
BRDA:20,4,0,0
BRDA:20,4,1,113
BRDA:20,5,0,113
BRDA:20,5,1,113
BRDA:22,6,0,69
BRDA:22,6,1,44
BRDA:22,7,0,20
BRDA:22,7,1,93
BRDA:22,8,0,113
BRDA:22,8,1,93
BRF:17
BRH:15
end_of_record
TN:
SF:src/utils/conditionOperators/IsEqualTo.js
FN:6,(anonymous_1)
FN:10,(anonymous_2)
FN:14,(anonymous_3)
FNF:3
FNH:2
FNDA:1,(anonymous_1)
FNDA:0,(anonymous_2)
FNDA:523,(anonymous_3)
DA:1,1
DA:2,1
DA:3,1
DA:5,1
DA:7,1
DA:11,0
DA:15,523
DA:16,37
DA:17,37
DA:23,523
DA:24,523
DA:26,523
DA:31,48
DA:36,475
DA:37,19
DA:40,456
LF:16
LH:15
BRDA:15,0,0,37
BRDA:15,1,0,523
BRDA:15,1,1,229
BRDA:15,1,2,356
BRDA:15,1,3,356
BRDA:15,1,4,37
BRDA:23,2,0,523
BRDA:23,3,0,0
BRDA:23,3,1,523
BRDA:23,4,0,523
BRDA:23,4,1,523
BRDA:23,5,0,0
BRDA:23,5,1,523
BRDA:23,6,0,523
BRDA:23,6,1,523
BRDA:26,7,0,48
BRDA:27,8,0,523
BRDA:27,8,1,490
BRDA:27,8,2,48
BRDA:29,9,0,0
BRDA:29,9,1,48
BRDA:29,10,0,48
BRDA:29,10,1,48
BRDA:36,11,0,19
BRDA:36,12,0,475
BRDA:36,12,1,19
BRDA:36,12,2,19
BRF:27
BRH:24
end_of_record
TN:
SF:src/utils/conditionOperators/IsNotDateEqual.js
FN:4,(anonymous_1)
FN:8,(anonymous_2)
FN:12,(anonymous_3)
FNF:3
FNH:2
FNDA:1,(anonymous_1)
FNDA:0,(anonymous_2)
FNDA:8,(anonymous_3)
DA:1,1
DA:3,1
DA:5,1
DA:9,0
DA:13,8
LF:5
LH:4
BRF:0
BRH:0
end_of_record
TN:
SF:src/utils/conditionOperators/IsNotEmptyValue.js
FN:4,(anonymous_1)
FN:8,(anonymous_2)
FN:12,(anonymous_3)
FNF:3
FNH:2
FNDA:1,(anonymous_1)
FNDA:0,(anonymous_2)
FNDA:74,(anonymous_3)
DA:1,1
DA:3,1
DA:5,1
DA:9,0
DA:13,74
LF:5
LH:4
BRF:0
BRH:0
end_of_record
TN:
SF:src/utils/conditionOperators/IsNotEqualTo.js
FN:4,(anonymous_1)
FN:8,(anonymous_2)
FN:12,(anonymous_3)
FNF:3
FNH:2
FNDA:1,(anonymous_1)
FNDA:0,(anonymous_2)
FNDA:24,(anonymous_3)
DA:1,1
DA:3,1
DA:5,1
DA:9,0
DA:13,24
LF:5
LH:4
BRF:0
BRH:0
end_of_record
TN:
SF:src/utils/conditionOperators/LessThan.js
FN:5,(anonymous_1)
FN:9,(anonymous_2)
FN:13,(anonymous_3)
FNF:3
FNH:2
FNDA:1,(anonymous_1)
FNDA:0,(anonymous_2)
FNDA:64,(anonymous_3)
DA:1,1
DA:2,1
DA:4,1
DA:6,1
DA:10,0
DA:14,64
LF:6
LH:5
BRDA:14,0,0,64
BRDA:14,0,1,31
BRF:2
BRH:2
end_of_record
TN:
SF:src/utils/conditionOperators/LessThanOrEqual.js
FN:5,(anonymous_1)
FN:9,(anonymous_2)
FN:13,(anonymous_3)
FNF:3
FNH:2
FNDA:1,(anonymous_1)
FNDA:0,(anonymous_2)
FNDA:45,(anonymous_3)
DA:1,1
DA:2,1
DA:4,1
DA:6,1
DA:10,0
DA:14,45
LF:6
LH:5
BRDA:14,0,0,45
BRDA:14,0,1,31
BRDA:14,0,2,20
BRF:3
BRH:3
end_of_record
TN:
SF:src/utils/conditionOperators/NotIncludes.js
FN:4,(anonymous_1)
FN:8,(anonymous_2)
FN:12,(anonymous_3)
FNF:3
FNH:2
FNDA:1,(anonymous_1)
FNDA:0,(anonymous_2)
FNDA:8,(anonymous_3)
DA:1,1
DA:3,1
DA:5,1
DA:9,0
DA:13,8
LF:5
LH:4
BRF:0
BRH:0
end_of_record
TN:
SF:src/utils/conditionOperators/StartsWith.js
FN:5,(anonymous_1)
FN:9,(anonymous_2)
FN:13,(anonymous_3)
FNF:3
FNH:2
FNDA:1,(anonymous_1)
FNDA:0,(anonymous_2)
FNDA:8,(anonymous_3)
DA:1,1
DA:2,1
DA:4,1
DA:6,1
DA:10,0
DA:14,8
LF:6
LH:5
BRF:0
BRH:0
end_of_record
TN:
SF:src/utils/conditionOperators/index.js
FNF:0
FNH:0
DA:1,1
DA:2,1
DA:3,1
DA:4,1
DA:5,1
DA:6,1
DA:7,1
DA:8,1
DA:9,1
DA:10,1
DA:11,1
DA:12,1
DA:13,1
DA:14,1
DA:15,1
DA:16,1
DA:17,1
DA:18,1
DA:20,1
DA:41,1
LF:20
LH:20
BRF:0
BRH:0
end_of_record
TN:
SF:src/utils/jsonlogic/operators.js
FNF:0
FNH:0
DA:3,1
LF:1
LH:1
BRF:0
BRH:0
end_of_record
TN:
SF:src/utils/jsonlogic/operators.spec.js
FN:4,(anonymous_0)
FN:5,(anonymous_1)
FN:8,(anonymous_2)
FN:11,(anonymous_3)
FN:14,(anonymous_4)
FN:17,(anonymous_5)
FN:18,(anonymous_6)
FN:25,(anonymous_7)
FN:26,(anonymous_8)
FN:30,(anonymous_9)
FN:34,(anonymous_10)
FN:38,(anonymous_11)
FN:42,(anonymous_12)
FN:46,(anonymous_13)
FN:53,(anonymous_14)
FN:57,(anonymous_15)
FN:64,(anonymous_16)
FN:68,(anonymous_17)
FN:75,(anonymous_18)
FN:79,(anonymous_19)
FN:85,(anonymous_20)
FN:89,(anonymous_21)
FN:93,(anonymous_22)
FN:97,(anonymous_23)
FN:105,(anonymous_24)
FN:108,(anonymous_25)
FN:111,(anonymous_26)
FN:114,(anonymous_27)
FN:115,(anonymous_28)
FNF:29
FNH:0
FNDA:0,(anonymous_0)
FNDA:0,(anonymous_1)
FNDA:0,(anonymous_2)
FNDA:0,(anonymous_3)
FNDA:0,(anonymous_4)
FNDA:0,(anonymous_5)
FNDA:0,(anonymous_6)
FNDA:0,(anonymous_7)
FNDA:0,(anonymous_8)
FNDA:0,(anonymous_9)
FNDA:0,(anonymous_10)
FNDA:0,(anonymous_11)
FNDA:0,(anonymous_12)
FNDA:0,(anonymous_13)
FNDA:0,(anonymous_14)
FNDA:0,(anonymous_15)
FNDA:0,(anonymous_16)
FNDA:0,(anonymous_17)
FNDA:0,(anonymous_18)
FNDA:0,(anonymous_19)
FNDA:0,(anonymous_20)
FNDA:0,(anonymous_21)
FNDA:0,(anonymous_22)
FNDA:0,(anonymous_23)
FNDA:0,(anonymous_24)
FNDA:0,(anonymous_25)
FNDA:0,(anonymous_26)
FNDA:0,(anonymous_27)
FNDA:0,(anonymous_28)
DA:4,0
DA:5,0
DA:8,0
DA:11,0
DA:14,0
DA:17,0
DA:18,0
DA:19,0
DA:20,0
DA:21,0
DA:22,0
DA:25,0
DA:26,0
DA:27,0
DA:28,0
DA:30,0
DA:31,0
DA:32,0
DA:34,0
DA:35,0
DA:36,0
DA:38,0
DA:39,0
DA:40,0
DA:42,0
DA:43,0
DA:44,0
DA:46,0
DA:47,0
DA:48,0
DA:49,0
DA:50,0
DA:51,0
DA:53,0
DA:54,0
DA:55,0
DA:57,0
DA:58,0
DA:59,0
DA:60,0
DA:61,0
DA:62,0
DA:64,0
DA:65,0
DA:66,0
DA:68,0
DA:69,0
DA:70,0
DA:71,0
DA:72,0
DA:73,0
DA:75,0
DA:76,0
DA:77,0
DA:79,0
DA:80,0
DA:81,0
DA:82,0
DA:83,0
DA:85,0
DA:86,0
DA:87,0
DA:89,0
DA:90,0
DA:91,0
DA:93,0
DA:94,0
DA:95,0
DA:97,0
DA:98,0
DA:99,0
DA:100,0
DA:101,0
DA:102,0
DA:105,0
DA:108,0
DA:111,0
DA:114,0
DA:115,0
DA:116,0
DA:120,0
DA:121,0
LF:82
LH:0
BRF:0
BRH:0
end_of_record
TN:
SF:src/widgets/CalendarWidget.js
FN:27,(anonymous_1)
FN:54,(anonymous_2)
FN:74,(anonymous_3)
FN:83,(anonymous_4)
FN:96,(anonymous_5)
FN:125,(anonymous_6)
FN:131,(anonymous_7)
FN:132,(anonymous_8)
FN:155,(anonymous_9)
FN:165,(anonymous_10)
FN:172,(anonymous_11)
FN:174,(anonymous_12)
FN:189,(anonymous_13)
FN:197,(anonymous_14)
FN:202,(anonymous_15)
FN:203,(anonymous_16)
FN:208,(anonymous_17)
FN:209,(anonymous_18)
FN:212,(anonymous_19)
FN:213,(anonymous_20)
FN:218,(anonymous_21)
FN:222,(anonymous_22)
FN:226,(anonymous_23)
FN:227,(anonymous_24)
FN:228,(anonymous_25)
FN:243,(anonymous_26)
FN:257,(anonymous_27)
FN:261,(anonymous_28)
FN:264,(anonymous_29)
FN:278,(anonymous_30)
FN:292,(anonymous_31)
FN:296,(anonymous_32)
FN:307,(anonymous_33)
FN:318,(anonymous_34)
FN:337,(anonymous_35)
FN:346,(anonymous_36)
FN:370,(anonymous_37)
FN:379,(anonymous_38)
FN:394,(anonymous_39)
FN:399,(anonymous_40)
FN:402,(anonymous_41)
FN:414,(anonymous_42)
FN:417,(anonymous_43)
FN:438,(anonymous_44)
FN:444,(anonymous_45)
FN:451,(anonymous_46)
FN:460,(anonymous_47)
FN:463,(anonymous_48)
FN:480,(anonymous_49)
FN:501,(anonymous_50)
FN:512,(anonymous_51)
FN:523,(anonymous_52)
FN:527,(anonymous_53)
FN:528,(anonymous_54)
FN:537,(anonymous_55)
FN:545,(anonymous_56)
FN:546,(anonymous_57)
FN:564,(anonymous_58)
FNF:58
FNH:42
FNDA:194,(anonymous_1)
FNDA:194,(anonymous_2)
FNDA:393,(anonymous_3)
FNDA:0,(anonymous_4)
FNDA:187,(anonymous_5)
FNDA:32,(anonymous_6)
FNDA:6,(anonymous_7)
FNDA:6,(anonymous_8)
FNDA:2,(anonymous_9)
FNDA:187,(anonymous_10)
FNDA:185,(anonymous_11)
FNDA:185,(anonymous_12)
FNDA:0,(anonymous_13)
FNDA:0,(anonymous_14)
FNDA:127,(anonymous_15)
FNDA:252,(anonymous_16)
FNDA:1,(anonymous_17)
FNDA:126,(anonymous_18)
FNDA:4,(anonymous_19)
FNDA:933,(anonymous_20)
FNDA:487,(anonymous_21)
FNDA:194,(anonymous_22)
FNDA:187,(anonymous_23)
FNDA:7,(anonymous_24)
FNDA:7,(anonymous_25)
FNDA:0,(anonymous_26)
FNDA:938,(anonymous_27)
FNDA:187,(anonymous_28)
FNDA:2,(anonymous_29)
FNDA:0,(anonymous_30)
FNDA:0,(anonymous_31)
FNDA:3,(anonymous_32)
FNDA:102,(anonymous_33)
FNDA:149,(anonymous_34)
FNDA:107,(anonymous_35)
FNDA:403,(anonymous_36)
FNDA:3,(anonymous_37)
FNDA:338,(anonymous_38)
FNDA:0,(anonymous_39)
FNDA:0,(anonymous_40)
FNDA:12,(anonymous_41)
FNDA:185,(anonymous_42)
FNDA:37,(anonymous_43)
FNDA:0,(anonymous_44)
FNDA:0,(anonymous_45)
FNDA:184,(anonymous_46)
FNDA:0,(anonymous_47)
FNDA:0,(anonymous_48)
FNDA:48,(anonymous_49)
FNDA:0,(anonymous_50)
FNDA:6,(anonymous_51)
FNDA:0,(anonymous_52)
FNDA:0,(anonymous_53)
FNDA:0,(anonymous_54)
FNDA:186,(anonymous_55)
FNDA:185,(anonymous_56)
FNDA:31496,(anonymous_57)
FNDA:96,(anonymous_58)
DA:1,1
DA:2,1
DA:3,1
DA:17,1
DA:18,1
DA:20,1
DA:21,1
DA:23,1
DA:25,1
DA:28,194
DA:55,194
DA:57,194
DA:58,2
DA:60,194
DA:61,27
DA:63,167
DA:64,1
DA:66,194
DA:67,194
DA:75,393
DA:77,393
DA:78,0
DA:81,393
DA:82,0
DA:83,0
DA:84,0
DA:85,0
DA:89,0
DA:93,393
DA:97,187
DA:99,187
DA:100,187
DA:105,187
DA:106,187
DA:107,187
DA:109,187
DA:111,187
DA:112,187
DA:113,187
DA:114,187
DA:115,187
DA:116,187
DA:117,187
DA:118,187
DA:119,187
DA:120,187
DA:121,187
DA:122,187
DA:123,187
DA:124,187
DA:125,187
DA:126,32
DA:127,28
DA:129,32
DA:131,187
DA:132,187
DA:133,6
DA:134,6
DA:136,6
DA:137,6
DA:138,6
DA:141,6
DA:142,1
DA:143,1
DA:145,6
DA:146,6
DA:150,187
DA:154,187
DA:155,2
DA:158,187
DA:159,2
DA:164,187
DA:166,187
DA:167,2
DA:173,185
DA:175,185
DA:176,0
DA:179,185
DA:181,185
DA:182,185
DA:184,185
DA:185,0
DA:189,0
DA:192,185
DA:198,0
DA:203,127
DA:204,252
DA:209,126
DA:213,933
DA:219,487
DA:223,194
DA:227,187
DA:228,7
DA:229,7
DA:230,7
DA:231,2
DA:233,5
DA:234,5
DA:240,187
DA:244,0
DA:245,0
DA:246,0
DA:247,0
DA:250,0
DA:252,0
DA:253,0
DA:258,938
DA:262,187
DA:263,2
DA:264,2
DA:265,2
DA:266,2
DA:267,2
DA:268,2
DA:275,185
DA:279,0
DA:281,0
DA:282,0
DA:285,0
DA:286,0
DA:289,0
DA:293,0
DA:297,3
DA:308,102
DA:309,88
DA:311,14
DA:320,149
DA:321,0
DA:325,149
DA:326,149
DA:327,47
DA:330,102
DA:331,0
DA:334,102
DA:338,107
DA:347,403
DA:348,403
DA:349,11
DA:350,11
DA:353,392
DA:354,392
DA:355,108
DA:356,1
DA:358,107
DA:359,92
DA:362,15
DA:366,284
DA:371,3
DA:372,3
DA:373,3
DA:374,3
DA:376,0
DA:380,338
DA:381,38
DA:384,300
DA:385,11
DA:386,11
DA:389,289
DA:390,289
DA:395,0
DA:396,0
DA:397,0
DA:399,0
DA:403,12
DA:404,0
DA:407,12
DA:408,0
DA:411,12
DA:416,185
DA:417,185
DA:418,37
DA:419,36
DA:420,35
DA:422,36
DA:423,36
DA:424,36
DA:425,36
DA:426,36
DA:429,37
DA:430,1
DA:431,1
DA:432,1
DA:434,36
DA:437,185
DA:438,183
DA:439,0
DA:440,0
DA:443,185
DA:444,160
DA:445,0
DA:446,0
DA:449,185
DA:451,185
DA:453,183
DA:458,185
DA:460,0
DA:461,0
DA:463,0
DA:464,0
DA:465,0
DA:466,0
DA:468,0
DA:469,0
DA:480,185
DA:482,48
DA:483,36
DA:485,12
DA:486,12
DA:488,12
DA:489,12
DA:490,12
DA:492,12
DA:494,0
DA:495,0
DA:496,0
DA:501,185
DA:502,0
DA:503,0
DA:504,0
DA:505,0
DA:511,185
DA:512,4
DA:513,6
DA:514,3
DA:520,185
DA:524,0
DA:527,0
DA:529,0
DA:530,0
DA:531,0
DA:538,186
DA:539,186
DA:540,10
DA:542,186
DA:546,185
DA:548,31496
DA:549,1
DA:550,0
DA:553,1
DA:554,1
DA:555,1
DA:557,0
DA:560,31495
DA:565,96
DA:566,89
DA:568,96
LF:246
LH:187
BRDA:57,0,0,2
BRDA:60,1,0,27
BRDA:60,1,1,167
BRDA:63,2,0,1
BRDA:77,3,0,0
BRDA:81,4,0,0
BRDA:81,5,0,393
BRDA:81,5,1,393
BRDA:101,6,0,0
BRDA:101,6,1,187
BRDA:106,7,0,172
BRDA:106,7,1,15
BRDA:106,8,0,15
BRDA:106,8,1,0
BRDA:111,9,0,1
BRDA:111,9,1,186
BRDA:112,10,0,1
BRDA:112,10,1,186
BRDA:114,11,0,1
BRDA:114,11,1,186
BRDA:115,12,0,1
BRDA:115,12,1,186
BRDA:116,13,0,4
BRDA:116,13,1,183
BRDA:126,14,0,28
BRDA:126,15,0,32
BRDA:126,15,1,31
BRDA:127,16,0,5
BRDA:127,16,1,23
BRDA:136,17,0,6
BRDA:136,18,0,6
BRDA:136,18,1,6
BRDA:137,19,0,2
BRDA:137,19,1,4
BRDA:141,20,0,1
BRDA:145,21,0,6
BRDA:154,22,0,2
BRDA:155,23,0,2
BRDA:155,23,1,2
BRDA:158,24,0,2
BRDA:158,25,0,185
BRDA:158,25,1,2
BRDA:158,26,0,187
BRDA:158,26,1,187
BRDA:166,27,0,2
BRDA:166,28,0,185
BRDA:166,28,1,2
BRDA:166,29,0,187
BRDA:166,29,1,187
BRDA:175,30,0,0
BRDA:175,31,0,185
BRDA:175,31,1,0
BRDA:175,32,0,185
BRDA:175,32,1,0
BRDA:175,33,0,185
BRDA:175,33,1,185
BRDA:181,34,0,185
BRDA:184,35,0,0
BRDA:184,35,1,185
BRDA:184,36,0,185
BRDA:184,36,1,185
BRDA:184,36,2,185
BRDA:204,37,0,252
BRDA:204,37,1,216
BRDA:229,38,0,7
BRDA:230,39,0,2
BRDA:230,39,1,5
BRDA:230,40,0,7
BRDA:230,40,1,2
BRDA:233,41,0,5
BRDA:245,42,0,0
BRDA:246,43,0,0
BRDA:246,43,1,0
BRDA:258,44,0,900
BRDA:258,44,1,38
BRDA:262,45,0,2
BRDA:267,46,0,2
BRDA:267,47,0,2
BRDA:267,47,1,2
BRDA:268,48,0,1
BRDA:268,48,1,1
BRDA:281,49,0,0
BRDA:285,50,0,0
BRDA:293,51,0,0
BRDA:293,51,1,0
BRDA:308,52,0,88
BRDA:320,53,0,0
BRDA:326,54,0,47
BRDA:326,55,0,149
BRDA:326,55,1,149
BRDA:330,56,0,0
BRDA:338,57,0,107
BRDA:338,57,1,107
BRDA:338,57,2,97
BRDA:348,58,0,11
BRDA:349,59,0,4
BRDA:349,59,1,7
BRDA:354,60,0,108
BRDA:354,60,1,284
BRDA:355,61,0,1
BRDA:355,61,1,107
BRDA:355,62,0,108
BRDA:355,62,1,100
BRDA:355,62,2,1
BRDA:358,63,0,92
BRDA:358,63,1,15
BRDA:371,64,0,3
BRDA:371,64,1,3
BRDA:372,65,0,0
BRDA:372,65,1,3
BRDA:373,66,0,3
BRDA:373,67,0,3
BRDA:373,67,1,3
BRDA:373,67,2,3
BRDA:380,68,0,38
BRDA:384,69,0,11
BRDA:384,69,1,289
BRDA:396,70,0,0
BRDA:403,71,0,0
BRDA:407,72,0,0
BRDA:407,73,0,12
BRDA:407,73,1,0
BRDA:407,74,0,12
BRDA:407,74,1,12
BRDA:407,75,0,0
BRDA:407,75,1,12
BRDA:407,76,0,12
BRDA:407,76,1,12
BRDA:407,77,0,0
BRDA:407,77,1,12
BRDA:407,78,0,12
BRDA:407,78,1,12
BRDA:411,79,0,0
BRDA:411,79,1,12
BRDA:411,80,0,12
BRDA:411,80,1,12
BRDA:411,81,0,0
BRDA:411,81,1,12
BRDA:411,82,0,12
BRDA:411,82,1,12
BRDA:418,83,0,36
BRDA:418,84,0,37
BRDA:418,84,1,37
BRDA:419,85,0,35
BRDA:429,86,0,1
BRDA:429,86,1,36
BRDA:429,87,0,37
BRDA:429,87,1,1
BRDA:437,88,0,183
BRDA:443,89,0,160
BRDA:451,90,0,183
BRDA:451,91,0,185
BRDA:451,91,1,184
BRDA:458,92,0,0
BRDA:460,93,0,0
BRDA:460,93,1,0
BRDA:464,94,0,0
BRDA:464,94,1,0
BRDA:465,95,0,0
BRDA:465,95,1,0
BRDA:468,96,0,0
BRDA:468,97,0,0
BRDA:468,97,1,0
BRDA:472,98,0,0
BRDA:472,98,1,0
BRDA:482,99,0,36
BRDA:485,100,0,0
BRDA:485,100,1,12
BRDA:486,101,0,0
BRDA:486,101,1,12
BRDA:488,102,0,12
BRDA:488,102,1,0
BRDA:488,103,0,12
BRDA:488,103,1,12
BRDA:488,104,0,12
BRDA:488,104,1,0
BRDA:490,105,0,4
BRDA:490,105,1,8
BRDA:494,106,0,0
BRDA:494,107,0,0
BRDA:494,107,1,0
BRDA:495,108,0,0
BRDA:495,108,1,0
BRDA:495,109,0,0
BRDA:495,109,1,0
BRDA:495,110,0,0
BRDA:495,110,1,0
BRDA:495,111,0,0
BRDA:495,111,1,0
BRDA:495,112,0,0
BRDA:495,112,1,0
BRDA:495,113,0,0
BRDA:495,113,1,0
BRDA:495,114,0,0
BRDA:495,114,1,0
BRDA:495,115,0,0
BRDA:495,115,1,0
BRDA:502,116,0,0
BRDA:503,117,0,0
BRDA:511,118,0,4
BRDA:511,119,0,185
BRDA:511,119,1,4
BRDA:511,119,2,4
BRDA:513,120,0,3
BRDA:513,121,0,6
BRDA:513,121,1,3
BRDA:539,122,0,10
BRDA:548,123,0,1
BRDA:548,124,0,31496
BRDA:548,124,1,254
BRDA:549,125,0,0
BRDA:549,126,0,1
BRDA:549,126,1,1
BRDA:554,127,0,1
BRDA:564,128,0,96
BRDA:565,129,0,89
BRF:216
BRH:152
end_of_record
TN:
SF:src/widgets/InputWidget.js
FN:4,(anonymous_1)
FN:10,(anonymous_2)
FN:19,(anonymous_3)
FN:24,(anonymous_4)
FN:28,(anonymous_5)
FN:37,(anonymous_6)
FN:41,(anonymous_7)
FN:45,(anonymous_8)
FN:49,(anonymous_9)
FN:53,(anonymous_10)
FN:57,(anonymous_11)
FN:61,(anonymous_12)
FN:65,(anonymous_13)
FNF:13
FNH:10
FNDA:3,(anonymous_1)
FNDA:9717,(anonymous_2)
FNDA:8166,(anonymous_3)
FNDA:9523,(anonymous_4)
FNDA:0,(anonymous_5)
FNDA:0,(anonymous_6)
FNDA:499,(anonymous_7)
FNDA:906,(anonymous_8)
FNDA:0,(anonymous_9)
FNDA:20,(anonymous_10)
FNDA:28,(anonymous_11)
FNDA:10145,(anonymous_12)
FNDA:933,(anonymous_13)
DA:1,1
DA:2,1
DA:3,1
DA:5,3
DA:11,9717
DA:12,9717
DA:13,9717
DA:14,9717
DA:15,9717
DA:16,9717
DA:20,8166
DA:21,8166
DA:25,9523
DA:29,0
DA:30,0
DA:33,0
DA:38,0
DA:42,499
DA:46,906
DA:50,0
DA:54,20
DA:58,28
DA:62,10145
DA:66,933
LF:24
LH:19
BRDA:12,0,0,9717
BRDA:12,0,1,9689
BRDA:15,1,0,9717
BRDA:15,1,1,0
BRDA:16,2,0,9717
BRDA:16,2,1,0
BRDA:29,3,0,0
BRDA:29,3,1,0
BRDA:73,4,0,933
BRDA:73,4,1,0
BRDA:76,5,0,933
BRDA:76,5,1,0
BRF:12
BRH:6
end_of_record
TN:
SF:src/widgets/index.js
FNF:0
FNH:0
DA:1,1
DA:2,1
DA:3,1
LF:3
LH:3
BRF:0
BRH:0
end_of_record
